[2025-02-17, 19:46:00] [INFO] :  ЁЯФД р╣Вр╕лр╕ер╕Ф activeUsers р╕кр╕│р╣Ар╕гр╣Зр╕И!
[2025-02-17, 19:46:01] [INFO] :  тЬЕ Logged in as Sea#7030!
[2025-02-17, 19:46:17] [INFO] :  ЁЯФД р╣Вр╕лр╕ер╕Ф activeUsers р╕кр╕│р╣Ар╕гр╣Зр╕И!
[2025-02-17, 19:46:18] [INFO] :  тЬЕ Logged in as Sea#7030!
[2025-02-17, 19:46:47] [INFO] :  ЁЯУв @mention р╕Ир╕▓р╕Б sea9beach р╣Гр╕Щр╕Кр╣Ир╕нр╕З test
[2025-02-17, 19:46:52] [INFO] :  ЁЯТм activeUser sea9beach р╕кр╣Ир╕Зр╕Вр╣Йр╕нр╕Др╕зр╕▓р╕б
[2025-02-17, 19:46:53] [INFO] :  ЁЯУи р╕кр╣Ир╕Зр╕Вр╣Йр╕нр╕Др╕зр╕▓р╕бр╣Др╕Ыр╕вр╕▒р╕З AI: "р╣Вр╕Ыр╕гр╕Фр╕кр╕гр╕╕р╕Ыр╣Гр╕лр╣Йр╕кр╕▒р╣Йр╕Щр╣Бр╕ер╕░р╣Ар╕Вр╣Йр╕▓р╣Гр╕Ир╕Зр╣Ир╕▓р╕в: hi"
[2025-02-17, 19:46:53] [ERROR]:  тЭМ Error with Cohere:
[2025-02-17, 19:46:53] [INFO] :  ЁЯУи р╕кр╣Ир╕Зр╕Вр╣Йр╕нр╕Др╕зр╕▓р╕бр╣Др╕Ыр╕вр╕▒р╕З AI: "hi"
[2025-02-17, 19:46:53] [INFO] :  ЁЯУй р╕Хр╕нр╕Ър╕Бр╕ер╕▒р╕Ър╕Ьр╕╣р╣Йр╣Гр╕Кр╣Й: "р╣Ар╕Бр╕┤р╕Фр╕Вр╣Йр╕нр╕Ьр╕┤р╕Фр╕Юр╕ер╕▓р╕Фр╣Гр╕Щр╕Бр╕▓р╕гр╣Ар╕Кр╕╖р╣Ир╕нр╕бр╕Хр╣Ир╕нр╕Бр╕▒р╕Ъ AI р╕Др╕гр╕▒р╕Ъ ЁЯШУ"
[2025-02-17, 19:47:57] [INFO] :  ЁЯФД р╣Вр╕лр╕ер╕Ф activeUsers р╕кр╕│р╣Ар╕гр╣Зр╕И!
[2025-02-17, 19:47:59] [INFO] :  тЬЕ Logged in as Sea#7030!
[2025-02-17, 19:48:06] [INFO] :  ЁЯТм activeUser sea9beach р╕кр╣Ир╕Зр╕Вр╣Йр╕нр╕Др╕зр╕▓р╕б
[2025-02-17, 19:48:07] [INFO] :  ЁЯУи р╕кр╣Ир╕Зр╕Вр╣Йр╕нр╕Др╕зр╕▓р╕бр╣Др╕Ыр╕вр╕▒р╕З AI: "р╣Вр╕Ыр╕гр╕Фр╕кр╕гр╕╕р╕Ыр╣Гр╕лр╣Йр╕кр╕▒р╣Йр╕Щр╣Бр╕ер╕░р╣Ар╕Вр╣Йр╕▓р╣Гр╕Ир╕Зр╣Ир╕▓р╕в: hi"
[2025-02-17, 19:48:07] [ERROR]:  тЭМ Error with Cohere:
[2025-02-17, 19:48:07] [INFO] :  ЁЯУи р╕кр╣Ир╕Зр╕Вр╣Йр╕нр╕Др╕зр╕▓р╕бр╣Др╕Ыр╕вр╕▒р╕З AI: "hi"
[2025-02-17, 19:48:07] [INFO] :  ЁЯУй р╕Хр╕нр╕Ър╕Бр╕ер╕▒р╕Ър╕Ьр╕╣р╣Йр╣Гр╕Кр╣Й: "р╣Ар╕Бр╕┤р╕Фр╕Вр╣Йр╕нр╕Ьр╕┤р╕Фр╕Юр╕ер╕▓р╕Фр╣Гр╕Щр╕Бр╕▓р╕гр╣Ар╕Кр╕╖р╣Ир╕нр╕бр╕Хр╣Ир╕нр╕Бр╕▒р╕Ъ AI р╕Др╕гр╕▒р╕Ъ ЁЯШУ"
[2025-02-17, 19:49:12] [INFO] :  ЁЯФД р╣Вр╕лр╕ер╕Ф activeUsers р╕кр╕│р╣Ар╕гр╣Зр╕И!
[2025-02-17, 19:49:14] [INFO] :  тЬЕ Logged in as Sea#7030!
[2025-02-17, 19:49:18] [INFO] :  ЁЯТм activeUser sea9beach р╕кр╣Ир╕Зр╕Вр╣Йр╕нр╕Др╕зр╕▓р╕б
[2025-02-17, 19:49:19] [INFO] :  ЁЯУи р╕кр╣Ир╕Зр╕Вр╣Йр╕нр╕Др╕зр╕▓р╕бр╣Др╕Ыр╕вр╕▒р╕З AI: "р╣Вр╕Ыр╕гр╕Фр╕кр╕гр╕╕р╕Ыр╣Гр╕лр╣Йр╕кр╕▒р╣Йр╕Щр╣Бр╕ер╕░р╣Ар╕Вр╣Йр╕▓р╣Гр╕Ир╕Зр╣Ир╕▓р╕в: hi"
[2025-02-17, 19:49:19] [ERROR]:  тЭМ Error with Cohere:
[2025-02-17, 19:49:19] [INFO] :  ЁЯУи р╕кр╣Ир╕Зр╕Вр╣Йр╕нр╕Др╕зр╕▓р╕бр╣Др╕Ыр╕вр╕▒р╕З AI: "hi"
[2025-02-17, 19:49:19] [INFO] :  ЁЯУй р╕Хр╕нр╕Ър╕Бр╕ер╕▒р╕Ър╕Ьр╕╣р╣Йр╣Гр╕Кр╣Й: "р╣Ар╕Бр╕┤р╕Фр╕Вр╣Йр╕нр╕Ьр╕┤р╕Фр╕Юр╕ер╕▓р╕Фр╣Гр╕Щр╕Бр╕▓р╕гр╣Ар╕Кр╕╖р╣Ир╕нр╕бр╕Хр╣Ир╕нр╕Бр╕▒р╕Ъ AI р╕Др╕гр╕▒р╕Ъ ЁЯШУ"
[2025-02-17, 20:14:58] [INFO] :  ЁЯФД р╣Вр╕лр╕ер╕Ф activeUsers р╕кр╕│р╣Ар╕гр╣Зр╕И!
[2025-02-17, 20:15:00] [INFO] :  тЬЕ Logged in as Sea#7030!
[2025-02-17, 20:26:43] [INFO] :  ЁЯФД р╣Вр╕лр╕ер╕Ф activeUsers р╕кр╕│р╣Ар╕гр╣Зр╕И!
[2025-02-17, 20:26:45] [INFO] :  тЬЕ Logged in as Sea#7030!
[2025-02-17, 20:27:10] [INFO] :  ЁЯУв @mention р╕Ир╕▓р╕Б sea9beach р╣Гр╕Щр╕Кр╣Ир╕нр╕З test
[2025-02-17, 20:27:15] [INFO] :  ЁЯТм activeUser sea9beach р╕кр╣Ир╕Зр╕Вр╣Йр╕нр╕Др╕зр╕▓р╕б
[2025-02-17, 20:27:16] [INFO] :  ЁЯУи р╕кр╣Ир╕Зр╕Вр╣Йр╕нр╕Др╕зр╕▓р╕бр╣Др╕Ыр╕вр╕▒р╕З AI: "р╣Вр╕Ыр╕гр╕Фр╕кр╕гр╕╕р╕Ыр╣Гр╕лр╣Йр╕кр╕▒р╣Йр╕Щр╣Бр╕ер╕░р╣Ар╕Вр╣Йр╕▓р╣Гр╕Ир╕Зр╣Ир╕▓р╕в: р╕зр╣Ир╕▓р╕Зр╣Др╕лр╕б"
[2025-02-17, 20:27:16] [ERROR]:  тЭМ Error with Cohere:
[2025-02-17, 20:27:16] [INFO] :  ЁЯУи р╕кр╣Ир╕Зр╕Вр╣Йр╕нр╕Др╕зр╕▓р╕бр╣Др╕Ыр╕вр╕▒р╕З AI: "р╕зр╣Ир╕▓р╕Зр╣Др╕лр╕б"
[2025-02-17, 20:27:16] [INFO] :  ЁЯУй р╕Хр╕нр╕Ър╕Бр╕ер╕▒р╕Ър╕Ьр╕╣р╣Йр╣Гр╕Кр╣Й: "р╣Ар╕Бр╕┤р╕Фр╕Вр╣Йр╕нр╕Ьр╕┤р╕Фр╕Юр╕ер╕▓р╕Фр╣Гр╕Щр╕Бр╕▓р╕гр╣Ар╕Кр╕╖р╣Ир╕нр╕бр╕Хр╣Ир╕нр╕Бр╕▒р╕Ъ AI р╕Др╕гр╕▒р╕Ъ ЁЯШУ"
[2025-02-17, 20:28:09] [INFO] :  ЁЯФД р╣Вр╕лр╕ер╕Ф activeUsers р╕кр╕│р╣Ар╕гр╣Зр╕И!
[2025-02-17, 20:28:11] [INFO] :  тЬЕ Logged in as Sea#7030!
[2025-02-17, 20:28:18] [INFO] :  ЁЯУв @mention р╕Лр╣Йр╕│р╕Ир╕▓р╕Б sea9beach р╣Гр╕Щр╕Кр╣Ир╕нр╕З test
[2025-02-17, 20:28:19] [INFO] :  ЁЯУи р╕кр╣Ир╕Зр╕Вр╣Йр╕нр╕Др╕зр╕▓р╕бр╣Др╕Ыр╕вр╕▒р╕З AI: "р╣Вр╕Ыр╕гр╕Фр╕кр╕гр╕╕р╕Ыр╣Гр╕лр╣Йр╕кр╕▒р╣Йр╕Щр╣Бр╕ер╕░р╣Ар╕Вр╣Йр╕▓р╣Гр╕Ир╕Зр╣Ир╕▓р╕в: <@1332704975628931112>р╕кр╕зр╕▒р╕кр╕Фр╕╡"
[2025-02-17, 20:28:22] [INFO] :  ЁЯУй р╕Хр╕нр╕Ър╕Бр╕ер╕▒р╕Ър╕Ьр╕╣р╣Йр╣Гр╕Кр╣Й: "р╕Ьр╕╣р╣Йр╣Гр╕Кр╣Йр╕Чр╕Фр╕кр╕нр╕Ър╕Бр╕▓р╕гр╕Чр╕│р╕Зр╕▓р╕Щр╕Вр╕нр╕Зр╣Бр╕Кр╕Чр╕Ър╕нр╕Чр╕Фр╣Йр╕зр╕вр╕Бр╕▓р╕гр╕кр╣Ир╕Зр╕Вр╣Йр╕нр╕Др╕зр╕▓р╕б "р╕кр╕зр╕▒р╕кр╕Фр╕╡" р╣Бр╕ер╕░р╕Хр╕гр╕зр╕Ир╕кр╕нр╕Ър╕Бр╕▓р╕гр╕Хр╕нр╕Ър╕Бр╕ер╕▒р╕Ъ"
[2025-02-17, 20:28:22] [INFO] :  ЁЯУи р╕кр╣Ир╕Зр╕Вр╣Йр╕нр╕Др╕зр╕▓р╕бр╣Др╕Ыр╕вр╕▒р╕З AI: "<@1332704975628931112>р╕кр╕зр╕▒р╕кр╕Фр╕╡"
[2025-02-17, 20:28:22] [INFO] :  ЁЯУй р╕Хр╕нр╕Ър╕Бр╕ер╕▒р╕Ър╕Ьр╕╣р╣Йр╣Гр╕Кр╣Й: "р╕Ьр╕╣р╣Йр╣Гр╕Кр╣Йр╕Чр╕Фр╕кр╕нр╕Ър╕Бр╕▓р╕гр╕Чр╕│р╕Зр╕▓р╕Щр╕Вр╕нр╕Зр╣Бр╕Кр╕Чр╕Ър╕нр╕Чр╕Фр╣Йр╕зр╕вр╕Бр╕▓р╕гр╕кр╣Ир╕Зр╕Вр╣Йр╕нр╕Др╕зр╕▓р╕б "р╕кр╕зр╕▒р╕кр╕Фр╕╡" р╣Бр╕ер╕░р╕Хр╕гр╕зр╕Ир╕кр╕нр╕Ър╕Бр╕▓р╕гр╕Хр╕нр╕Ър╕Бр╕ер╕▒р╕Ъ"
[2025-02-17, 20:29:04] [INFO] :  ЁЯТм activeUser sea9beach р╕кр╣Ир╕Зр╕Вр╣Йр╕нр╕Др╕зр╕▓р╕б
[2025-02-17, 20:29:05] [INFO] :  ЁЯУи р╕кр╣Ир╕Зр╕Вр╣Йр╕нр╕Др╕зр╕▓р╕бр╣Др╕Ыр╕вр╕▒р╕З AI: "р╣Вр╕Ыр╕гр╕Фр╕кр╕гр╕╕р╕Ыр╣Гр╕лр╣Йр╕кр╕▒р╣Йр╕Щр╣Бр╕ер╕░р╣Ар╕Вр╣Йр╕▓р╣Гр╕Ир╕Зр╣Ир╕▓р╕в: р╕Др╕┤р╕Фр╣Ар╕ер╕Вр╣Др╕Фр╣Йр╣Др╕лр╕б"
[2025-02-17, 20:29:06] [INFO] :  ЁЯУй р╕Хр╕нр╕Ър╕Бр╕ер╕▒р╕Ър╕Ьр╕╣р╣Йр╣Гр╕Кр╣Й: "р╣Гр╕Кр╣Ир╕Др╕гр╕▒р╕Ъ/р╕Др╕░ р╕Йр╕▒р╕Щр╕кр╕▓р╕бр╕▓р╕гр╕Цр╕Др╕┤р╕Фр╣Ар╕ер╕Вр╣Др╕Фр╣Й"
[2025-02-17, 20:29:06] [INFO] :  ЁЯУи р╕кр╣Ир╕Зр╕Вр╣Йр╕нр╕Др╕зр╕▓р╕бр╣Др╕Ыр╕вр╕▒р╕З AI: "р╕Др╕┤р╕Фр╣Ар╕ер╕Вр╣Др╕Фр╣Йр╣Др╕лр╕б"
[2025-02-17, 20:29:06] [INFO] :  ЁЯУй р╕Хр╕нр╕Ър╕Бр╕ер╕▒р╕Ър╕Ьр╕╣р╣Йр╣Гр╕Кр╣Й: "р╣Гр╕Кр╣Ир╕Др╕гр╕▒р╕Ъ/р╕Др╕░ р╕Йр╕▒р╕Щр╕кр╕▓р╕бр╕▓р╕гр╕Цр╕Др╕┤р╕Фр╣Ар╕ер╕Вр╣Др╕Фр╣Й"
[2025-02-17, 20:29:15] [INFO] :  ЁЯТм activeUser sea9beach р╕кр╣Ир╕Зр╕Вр╣Йр╕нр╕Др╕зр╕▓р╕б
[2025-02-17, 20:29:16] [INFO] :  ЁЯУи р╕кр╣Ир╕Зр╕Вр╣Йр╕нр╕Др╕зр╕▓р╕бр╣Др╕Ыр╕вр╕▒р╕З AI: "р╣Вр╕Ыр╕гр╕Фр╕кр╕гр╕╕р╕Ыр╣Гр╕лр╣Йр╕кр╕▒р╣Йр╕Щр╣Бр╕ер╕░р╣Ар╕Вр╣Йр╕▓р╣Гр╕Ир╕Зр╣Ир╕▓р╕в: р╕Др╕┤р╕Фр╣Др╕Фр╣Йр╣Др╕зр╣Бр╕Др╣Ир╣Др╕лр╕Щ"
[2025-02-17, 20:29:18] [INFO] :  ЁЯУй р╕Хр╕нр╕Ър╕Бр╕ер╕▒р╕Ър╕Ьр╕╣р╣Йр╣Гр╕Кр╣Й: "р╕Ьр╕╣р╣Йр╣Гр╕Кр╣Йр╕Бр╕│р╕ер╕▒р╕Зр╕Цр╕▓р╕бр╣Ар╕Бр╕╡р╣Ир╕вр╕зр╕Бр╕▒р╕Ър╕Др╕зр╕▓р╕бр╣Ар╕гр╣Зр╕зр╣Гр╕Щр╕Бр╕▓р╕гр╕Др╕┤р╕Фр╣Ар╕ер╕В"
[2025-02-17, 20:29:18] [INFO] :  ЁЯУи р╕кр╣Ир╕Зр╕Вр╣Йр╕нр╕Др╕зр╕▓р╕бр╣Др╕Ыр╕вр╕▒р╕З AI: "р╕Др╕┤р╕Фр╣Др╕Фр╣Йр╣Др╕зр╣Бр╕Др╣Ир╣Др╕лр╕Щ"
[2025-02-17, 20:29:18] [INFO] :  ЁЯУй р╕Хр╕нр╕Ър╕Бр╕ер╕▒р╕Ър╕Ьр╕╣р╣Йр╣Гр╕Кр╣Й: "р╕Ьр╕╣р╣Йр╣Гр╕Кр╣Йр╕Бр╕│р╕ер╕▒р╕Зр╕Цр╕▓р╕бр╣Ар╕Бр╕╡р╣Ир╕вр╕зр╕Бр╕▒р╕Ър╕Др╕зр╕▓р╕бр╣Ар╕гр╣Зр╕зр╣Гр╕Щр╕Бр╕▓р╕гр╕Др╕┤р╕Фр╣Ар╕ер╕В"
[2025-02-17, 20:32:54] [INFO] :  ЁЯФД р╣Вр╕лр╕ер╕Ф activeUsers р╕кр╕│р╣Ар╕гр╣Зр╕И!
[2025-02-17, 20:32:55] [INFO] :  тЬЕ Logged in as Sea#7030!
[2025-02-17, 20:32:59] [INFO] :  ЁЯУв @mention р╕Ир╕▓р╕Б sea9beach р╣Гр╕Щр╕Кр╣Ир╕нр╕З test
[2025-02-17, 20:33:02] [INFO] :  ЁЯУв @mention р╕Лр╣Йр╕│р╕Ир╕▓р╕Б sea9beach р╣Гр╕Щр╕Кр╣Ир╕нр╕З test
[2025-02-17, 20:33:04] [INFO] :  ЁЯУи р╕кр╣Ир╕Зр╕Вр╣Йр╕нр╕Др╕зр╕▓р╕бр╣Др╕Ыр╕вр╕▒р╕З AI: "<@1332704975628931112>"
[2025-02-17, 20:33:08] [INFO] :  ЁЯУй р╕Хр╕нр╕Ър╕Бр╕ер╕▒р╕Ър╕Ьр╕╣р╣Йр╣Гр╕Кр╣Й: "р╕Вр╕нр╕нр╕ар╕▒р╕в р╕Йр╕▒р╕Щр╕кр╕▓р╕бр╕▓р╕гр╕Цр╕Кр╣Ир╕зр╕вр╕нр╕░р╣Др╕гр╣Др╕Фр╣Йр╕Ър╣Йр╕▓р╕З? р╕Др╕╕р╕Ур╕Хр╣Йр╕нр╕Зр╕Бр╕▓р╕гр╣Гр╕лр╣Йр╕Йр╕▒р╕Щр╕Чр╕│р╕Бр╕▓р╕гр╕Др╕│р╕Щр╕зр╕Ур╕лр╕гр╕╖р╕нр╕Др╕│р╕Щр╕зр╕Ур╕Др╕зр╕▓р╕бр╣Ар╕гр╣Зр╕зр╣Гр╕Щр╕Бр╕▓р╕гр╕Др╕┤р╕Фр╣Ар╕ер╕Вр╣Гр╕лр╣Йр╕Др╕╕р╕Ур╕лр╕гр╕╖р╕нр╣Др╕бр╣И? р╕Бр╕гр╕╕р╕Ур╕▓р╣Бр╕Ир╣Йр╕Зр╣Гр╕лр╣Йр╕Йр╕▒р╕Щр╕гр╕╣р╣Йр╣Ар╕Юр╕┤р╣Ир╕бр╣Ар╕Хр╕┤р╕бр╣Ар╕Бр╕╡р╣Ир╕вр╕зр╕Бр╕▒р╕Ър╕Др╕│р╕Вр╕нр╕Вр╕нр╕Зр╕Др╕╕р╕У"
[2025-02-17, 20:33:08] [INFO] :  ЁЯУи р╕кр╣Ир╕Зр╕Вр╣Йр╕нр╕Др╕зр╕▓р╕бр╣Др╕Ыр╕вр╕▒р╕З AI: "<@1332704975628931112>"
[2025-02-17, 20:33:08] [INFO] :  ЁЯУй р╕Хр╕нр╕Ър╕Бр╕ер╕▒р╕Ър╕Ьр╕╣р╣Йр╣Гр╕Кр╣Й: "р╕Вр╕нр╕нр╕ар╕▒р╕в р╕Йр╕▒р╕Щр╕кр╕▓р╕бр╕▓р╕гр╕Цр╕Кр╣Ир╕зр╕вр╕нр╕░р╣Др╕гр╣Др╕Фр╣Йр╕Ър╣Йр╕▓р╕З? р╕Др╕╕р╕Ур╕Хр╣Йр╕нр╕Зр╕Бр╕▓р╕гр╣Гр╕лр╣Йр╕Йр╕▒р╕Щр╕Чр╕│р╕Бр╕▓р╕гр╕Др╕│р╕Щр╕зр╕Ур╕лр╕гр╕╖р╕нр╕Др╕│р╕Щр╕зр╕Ур╕Др╕зр╕▓р╕бр╣Ар╕гр╣Зр╕зр╣Гр╕Щр╕Бр╕▓р╕гр╕Др╕┤р╕Фр╣Ар╕ер╕Вр╣Гр╕лр╣Йр╕Др╕╕р╕Ур╕лр╕гр╕╖р╕нр╣Др╕бр╣И? р╕Бр╕гр╕╕р╕Ур╕▓р╣Бр╕Ир╣Йр╕Зр╣Гр╕лр╣Йр╕Йр╕▒р╕Щр╕гр╕╣р╣Йр╣Ар╕Юр╕┤р╣Ир╕бр╣Ар╕Хр╕┤р╕бр╣Ар╕Бр╕╡р╣Ир╕вр╕зр╕Бр╕▒р╕Ър╕Др╕│р╕Вр╕нр╕Вр╕нр╕Зр╕Др╕╕р╕У"
[2025-02-17, 20:33:35] [INFO] :  ЁЯТм activeUser sea9beach р╕кр╣Ир╕Зр╕Вр╣Йр╕нр╕Др╕зр╕▓р╕б
[2025-02-17, 20:33:36] [INFO] :  ЁЯУи р╕кр╣Ир╕Зр╕Вр╣Йр╕нр╕Др╕зр╕▓р╕бр╣Др╕Ыр╕вр╕▒р╕З AI: "р╕Вр╕нр╣Вр╕Ир╕гр╕вр╣Мр╕Др╕Ур╕┤р╕Хр╕лр╕Щр╣Ир╕нр╕в"
[2025-02-17, 20:33:41] [INFO] :  ЁЯУй р╕Хр╕нр╕Ър╕Бр╕ер╕▒р╕Ър╕Ьр╕╣р╣Йр╣Гр╕Кр╣Й: "р╣Вр╕Ир╕гр╕вр╣Мр╕Др╕Ур╕┤р╕Хр╕лр╕гр╕╖р╕нр╣Ар╕Бр╕бр╕Др╕Ур╕┤р╕Хр╕ир╕▓р╕кр╕Хр╕гр╣Мр╣Ар╕Ыр╣Зр╕Щр╕Бр╕┤р╕Ир╕Бр╕гр╕гр╕бр╕Чр╕╡р╣Ир╕Щр╣Ир╕▓р╕кр╕Щр╕╕р╕Бр╣Бр╕ер╕░р╣Ар╕Бр╕┤р╕Фр╕Ыр╕гр╕░р╣Вр╕вр╕Кр╕Щр╣Мр╕Хр╣Ир╕нр╕кр╕бр╕нр╕Зр╕бр╕▓р╕Бр╣Ж р╕Йр╕▒р╕Щр╕Ир╕░р╣Гр╕лр╣Йр╕Др╕╕р╕Ур╣Вр╕Ир╕гр╕вр╣Мр╕Др╕Ур╕┤р╕Хр╕лр╕Щр╕╢р╣Ир╕Зр╣Вр╕Ир╕гр╕вр╣М р╕ер╕нр╕Зр╕Др╕┤р╕Фр╕Фр╕╣р╕Щр╕░:

"р╣Гр╕Щр╣Вр╕ер╕Бр╕Чр╕╡р╣Ир╣Бр╕Хр╕Бр╕Хр╣Ир╕▓р╕Зр╕Бр╕▒р╕Щ р╕бр╕╡ 3 р╕Ыр╕гр╕░р╣Ар╕Чр╕ир╕Чр╕╡р╣Ир╕бр╕╡р╕Кр╕╖р╣Ир╕нр╣Ар╕гр╕╡р╕вр╕Бр╕зр╣Ир╕▓ 'A', 'B', р╣Бр╕ер╕░ 'C' р╕Ыр╕гр╕░р╣Ар╕Чр╕и A р╕бр╕╡р╕Юр╕╖р╣Йр╕Щр╕Чр╕╡р╣И"
[2025-02-17, 20:33:41] [INFO] :  ЁЯУи р╕кр╣Ир╕Зр╕Вр╣Йр╕нр╕Др╕зр╕▓р╕бр╣Др╕Ыр╕вр╕▒р╕З AI: "р╕Вр╕нр╣Вр╕Ир╕гр╕вр╣Мр╕Др╕Ур╕┤р╕Хр╕лр╕Щр╣Ир╕нр╕в"
[2025-02-17, 20:33:41] [INFO] :  ЁЯУй р╕Хр╕нр╕Ър╕Бр╕ер╕▒р╕Ър╕Ьр╕╣р╣Йр╣Гр╕Кр╣Й: "р╣Вр╕Ир╕гр╕вр╣Мр╕Др╕Ур╕┤р╕Хр╕лр╕гр╕╖р╕нр╣Ар╕Бр╕бр╕Др╕Ур╕┤р╕Хр╕ир╕▓р╕кр╕Хр╕гр╣Мр╣Ар╕Ыр╣Зр╕Щр╕Бр╕┤р╕Ир╕Бр╕гр╕гр╕бр╕Чр╕╡р╣Ир╕Щр╣Ир╕▓р╕кр╕Щр╕╕р╕Бр╣Бр╕ер╕░р╣Ар╕Бр╕┤р╕Фр╕Ыр╕гр╕░р╣Вр╕вр╕Кр╕Щр╣Мр╕Хр╣Ир╕нр╕кр╕бр╕нр╕Зр╕бр╕▓р╕Бр╣Ж р╕Йр╕▒р╕Щр╕Ир╕░р╣Гр╕лр╣Йр╕Др╕╕р╕Ур╣Вр╕Ир╕гр╕вр╣Мр╕Др╕Ур╕┤р╕Хр╕лр╕Щр╕╢р╣Ир╕Зр╣Вр╕Ир╕гр╕вр╣М р╕ер╕нр╕Зр╕Др╕┤р╕Фр╕Фр╕╣р╕Щр╕░:

"р╣Гр╕Щр╣Вр╕ер╕Бр╕Чр╕╡р╣Ир╣Бр╕Хр╕Бр╕Хр╣Ир╕▓р╕Зр╕Бр╕▒р╕Щ р╕бр╕╡ 3 р╕Ыр╕гр╕░р╣Ар╕Чр╕ир╕Чр╕╡р╣Ир╕бр╕╡р╕Кр╕╖р╣Ир╕нр╣Ар╕гр╕╡р╕вр╕Бр╕зр╣Ир╕▓ 'A', 'B', р╣Бр╕ер╕░ 'C' р╕Ыр╕гр╕░р╣Ар╕Чр╕и A р╕бр╕╡р╕Юр╕╖р╣Йр╕Щр╕Чр╕╡р╣И"
[2025-02-17, 20:34:21] [INFO] :  ЁЯТм activeUser sea9beach р╕кр╣Ир╕Зр╕Вр╣Йр╕нр╕Др╕зр╕▓р╕б
[2025-02-17, 20:34:22] [INFO] :  ЁЯУи р╕кр╣Ир╕Зр╕Вр╣Йр╕нр╕Др╕зр╕▓р╕бр╣Др╕Ыр╕вр╕▒р╕З AI: "р╣Ар╕нр╕▓р╣Ар╕Ыр╣Зр╕Щр╣Вр╕Ир╕гр╕вр╣Мр╕кр╕▒р╣Йр╕Щ р╣Ар╕Ыр╣Зр╕Щр╕Хр╕▒р╕зр╣Ар╕ер╕В"
[2025-02-17, 20:34:26] [INFO] :  ЁЯУй р╕Хр╕нр╕Ър╕Бр╕ер╕▒р╕Ър╕Ьр╕╣р╣Йр╣Гр╕Кр╣Й: "р╣Вр╕Ир╕гр╕вр╣Мр╕Др╕Ур╕┤р╕Хр╕кр╕▒р╣Йр╕Щр╣Ж р╕Чр╕╡р╣Ир╣Ар╕Ыр╣Зр╕Щр╕Хр╕▒р╕зр╣Ар╕ер╕В:

"р╕Ьр╕бр╕бр╕╡ 5 р╕Яр╕нр╕Зр╕Щр╣Йр╕│р╕бр╕▒р╕Щр╣Гр╕Щр╕бр╕╖р╕нр╕Вр╕зр╕▓ р╣Бр╕ер╕░ 3 р╕Яр╕нр╕Зр╣Гр╕Щр╕бр╕╖р╕нр╕Лр╣Йр╕▓р╕в р╕Цр╣Йр╕▓р╕Ьр╕бр╣Гр╕Кр╣Йр╕бр╕╖р╕нр╕Вр╕зр╕▓р╕Чр╕┤р╣Йр╕З 2 р╕Яр╕нр╕Зр╣Бр╕ер╕░р╣Гр╕Кр╣Йр╕бр╕╖р╕нр╕Лр╣Йр╕▓р╕вр╣Ар╕Бр╣Зр╕Ъ 1 р╕Яр╕нр╕З р╕Ир╕░р╣Ар╕лр╕ер╕╖р╕нр╣Ар╕Чр╣Ир╕▓р╣Др╕лр╕гр╣И?""
[2025-02-17, 20:34:26] [INFO] :  ЁЯУи р╕кр╣Ир╕Зр╕Вр╣Йр╕нр╕Др╕зр╕▓р╕бр╣Др╕Ыр╕вр╕▒р╕З AI: "р╣Ар╕нр╕▓р╣Ар╕Ыр╣Зр╕Щр╣Вр╕Ир╕гр╕вр╣Мр╕кр╕▒р╣Йр╕Щ р╣Ар╕Ыр╣Зр╕Щр╕Хр╕▒р╕зр╣Ар╕ер╕В"
[2025-02-17, 20:34:26] [INFO] :  ЁЯУй р╕Хр╕нр╕Ър╕Бр╕ер╕▒р╕Ър╕Ьр╕╣р╣Йр╣Гр╕Кр╣Й: "р╣Вр╕Ир╕гр╕вр╣Мр╕Др╕Ур╕┤р╕Хр╕кр╕▒р╣Йр╕Щр╣Ж р╕Чр╕╡р╣Ир╣Ар╕Ыр╣Зр╕Щр╕Хр╕▒р╕зр╣Ар╕ер╕В:

"р╕Ьр╕бр╕бр╕╡ 5 р╕Яр╕нр╕Зр╕Щр╣Йр╕│р╕бр╕▒р╕Щр╣Гр╕Щр╕бр╕╖р╕нр╕Вр╕зр╕▓ р╣Бр╕ер╕░ 3 р╕Яр╕нр╕Зр╣Гр╕Щр╕бр╕╖р╕нр╕Лр╣Йр╕▓р╕в р╕Цр╣Йр╕▓р╕Ьр╕бр╣Гр╕Кр╣Йр╕бр╕╖р╕нр╕Вр╕зр╕▓р╕Чр╕┤р╣Йр╕З 2 р╕Яр╕нр╕Зр╣Бр╕ер╕░р╣Гр╕Кр╣Йр╕бр╕╖р╕нр╕Лр╣Йр╕▓р╕вр╣Ар╕Бр╣Зр╕Ъ 1 р╕Яр╕нр╕З р╕Ир╕░р╣Ар╕лр╕ер╕╖р╕нр╣Ар╕Чр╣Ир╕▓р╣Др╕лр╕гр╣И?""
[2025-02-17, 20:35:32] [INFO] :  ЁЯТм activeUser sea9beach р╕кр╣Ир╕Зр╕Вр╣Йр╕нр╕Др╕зр╕▓р╕б
[2025-02-17, 20:35:33] [INFO] :  ЁЯУи р╕кр╣Ир╕Зр╕Вр╣Йр╕нр╕Др╕зр╕▓р╕бр╣Др╕Ыр╕вр╕▒р╕З AI: "7 р╣Гр╕Кр╣Ир╣Др╕лр╕б"
[2025-02-17, 20:35:34] [INFO] :  ЁЯУй р╕Хр╕нр╕Ър╕Бр╕ер╕▒р╕Ър╕Ьр╕╣р╣Йр╣Гр╕Кр╣Й: "р╣Гр╕Кр╣Ир╕Др╕гр╕▒р╕Ъ/р╕Др╣Ир╕░"
[2025-02-17, 20:35:34] [INFO] :  ЁЯУи р╕кр╣Ир╕Зр╕Вр╣Йр╕нр╕Др╕зр╕▓р╕бр╣Др╕Ыр╕вр╕▒р╕З AI: "7 р╣Гр╕Кр╣Ир╣Др╕лр╕б"
[2025-02-17, 20:35:34] [INFO] :  ЁЯУй р╕Хр╕нр╕Ър╕Бр╕ер╕▒р╕Ър╕Ьр╕╣р╣Йр╣Гр╕Кр╣Й: "р╣Гр╕Кр╣Ир╕Др╕гр╕▒р╕Ъ/р╕Др╣Ир╕░"
[2025-02-17, 20:42:53] [INFO] :  ЁЯФД р╣Вр╕лр╕ер╕Ф activeUsers р╕кр╕│р╣Ар╕гр╣Зр╕И!
[2025-02-17, 20:42:54] [INFO] :  тЬЕ Logged in as Sea#7030!
[2025-02-17, 20:43:04] [INFO] :  ЁЯУв @mention р╕Ир╕▓р╕Б sea9beach р╣Гр╕Щр╕Кр╣Ир╕нр╕З test
[2025-02-17, 20:43:07] [INFO] :  ЁЯУв @mention р╕Лр╣Йр╕│р╕Ир╕▓р╕Б sea9beach р╣Гр╕Щр╕Кр╣Ир╕нр╕З test
[2025-02-17, 20:43:08] [INFO] :  ЁЯУи р╕кр╣Ир╕Зр╕Вр╣Йр╕нр╕Др╕зр╕▓р╕бр╣Др╕Ыр╕вр╕▒р╕З AI: "<@1332704975628931112>"
[2025-02-17, 20:43:11] [INFO] :  ЁЯУй р╕Хр╕нр╕Ър╕Бр╕ер╕▒р╕Ър╕Ьр╕╣р╣Йр╣Гр╕Кр╣Й: "р╕Вр╕нр╕нр╕ар╕▒р╕в р╕Йр╕▒р╕Щр╕Хр╣Йр╕нр╕Зр╕Бр╕▓р╕гр╣Гр╕лр╣Йр╕Др╕╕р╕Ур╕нр╕Шр╕┤р╕Ър╕▓р╕вр╕Др╕│р╕Цр╕▓р╕бр╕Вр╕нр╕Зр╕Др╕╕р╕Ур╕нр╕╡р╕Бр╕Др╕гр╕▒р╣Йр╕Зр╕лр╕Щр╕╢р╣Ир╕З р╕Йр╕▒р╕Щр╕Ир╕░р╕Кр╣Ир╕зр╕вр╣Ар╕Хр╕┤р╕бр╣Ар╕Хр╣Зр╕бр╕Др╕│р╕Цр╕▓р╕бр╕Вр╕нр╕Зр╕Др╕╕р╕Ур╕лр╕▓р╕Бр╕Др╕╕р╕Ур╣Гр╕лр╣Йр╕Вр╣Йр╕нр╕бр╕╣р╕ер╣Ар╕Юр╕┤р╣Ир╕бр╣Ар╕Хр╕┤р╕б"
[2025-02-17, 20:43:11] [INFO] :  ЁЯУи р╕кр╣Ир╕Зр╕Вр╣Йр╕нр╕Др╕зр╕▓р╕бр╣Др╕Ыр╕вр╕▒р╕З AI: "<@1332704975628931112>"
[2025-02-17, 20:43:11] [INFO] :  ЁЯУй р╕Хр╕нр╕Ър╕Бр╕ер╕▒р╕Ър╕Ьр╕╣р╣Йр╣Гр╕Кр╣Й: "р╕Вр╕нр╕нр╕ар╕▒р╕в р╕Йр╕▒р╕Щр╕Хр╣Йр╕нр╕Зр╕Бр╕▓р╕гр╣Гр╕лр╣Йр╕Др╕╕р╕Ур╕нр╕Шр╕┤р╕Ър╕▓р╕вр╕Др╕│р╕Цр╕▓р╕бр╕Вр╕нр╕Зр╕Др╕╕р╕Ур╕нр╕╡р╕Бр╕Др╕гр╕▒р╣Йр╕Зр╕лр╕Щр╕╢р╣Ир╕З р╕Йр╕▒р╕Щр╕Ир╕░р╕Кр╣Ир╕зр╕вр╣Ар╕Хр╕┤р╕бр╣Ар╕Хр╣Зр╕бр╕Др╕│р╕Цр╕▓р╕бр╕Вр╕нр╕Зр╕Др╕╕р╕Ур╕лр╕▓р╕Бр╕Др╕╕р╕Ур╣Гр╕лр╣Йр╕Вр╣Йр╕нр╕бр╕╣р╕ер╣Ар╕Юр╕┤р╣Ир╕бр╣Ар╕Хр╕┤р╕б"
[2025-02-17, 20:45:30] [INFO] :  ЁЯФД р╣Вр╕лр╕ер╕Ф activeUsers р╕кр╕│р╣Ар╕гр╣Зр╕И!
[2025-02-17, 20:45:31] [INFO] :  тЬЕ Logged in as Sea#7030!
[2025-02-17, 20:45:36] [INFO] :  ЁЯУв @mention р╕Лр╣Йр╕│р╕Ир╕▓р╕Б sea9beach р╣Гр╕Щр╕Кр╣Ир╕нр╕З test
[2025-02-17, 20:45:39] [INFO] :  ЁЯУв @mention р╕Лр╣Йр╕│р╕Ир╕▓р╕Б sea9beach р╣Гр╕Щр╕Кр╣Ир╕нр╕З test
[2025-02-17, 20:45:48] [INFO] :  ЁЯТм activeUser sea9beach р╕кр╣Ир╕Зр╕Вр╣Йр╕нр╕Др╕зр╕▓р╕б
[2025-02-17, 20:45:48] [INFO] :  ЁЯУи р╕кр╣Ир╕Зр╕Вр╣Йр╕нр╕Др╕зр╕▓р╕бр╣Др╕Ыр╕вр╕▒р╕З AI: "р╣Ар╕лр╕Зр╕▓"
[2025-02-17, 20:45:51] [INFO] :  ЁЯУй р╕Хр╕нр╕Ър╕Бр╕ер╕▒р╕Ър╕Ьр╕╣р╣Йр╣Гр╕Кр╣Й: "р╕Др╕╕р╕Ур╕нр╕▓р╕Ир╕Ир╕░р╕гр╕╣р╣Йр╕кр╕╢р╕Бр╣Ар╕лр╕Зр╕▓р╣Ар╕Юр╕гр╕▓р╕░р╕Др╕зр╕▓р╕бр╣Ар╕Фр╕╡р╕вр╕зр╕Фр╕▓р╕в р╕лр╕гр╕╖р╕нр╕Др╕зр╕▓р╕бр╕Чр╣Йр╕нр╣Бр╕Чр╣Й р╕Др╕╕р╕Ур╕Хр╣Йр╕нр╕Зр╕Бр╕▓р╕гр╕Др╕╕р╕вр╣Ар╕Бр╕╡р╣Ир╕вр╕зр╕Бр╕▒р╕Ър╣Ар╕гр╕╖р╣Ир╕нр╕Зр╕Щр╕╡р╣Йр╕лр╕гр╕╖р╕нр╣Др╕бр╣И?"
[2025-02-17, 20:45:51] [INFO] :  ЁЯУи р╕кр╣Ир╕Зр╕Вр╣Йр╕нр╕Др╕зр╕▓р╕бр╣Др╕Ыр╕вр╕▒р╕З AI: "р╣Ар╕лр╕Зр╕▓"
[2025-02-17, 20:45:51] [INFO] :  ЁЯУй р╕Хр╕нр╕Ър╕Бр╕ер╕▒р╕Ър╕Ьр╕╣р╣Йр╣Гр╕Кр╣Й: "р╕Др╕╕р╕Ур╕нр╕▓р╕Ир╕Ир╕░р╕гр╕╣р╣Йр╕кр╕╢р╕Бр╣Ар╕лр╕Зр╕▓р╣Ар╕Юр╕гр╕▓р╕░р╕Др╕зр╕▓р╕бр╣Ар╕Фр╕╡р╕вр╕зр╕Фр╕▓р╕в р╕лр╕гр╕╖р╕нр╕Др╕зр╕▓р╕бр╕Чр╣Йр╕нр╣Бр╕Чр╣Й р╕Др╕╕р╕Ур╕Хр╣Йр╕нр╕Зр╕Бр╕▓р╕гр╕Др╕╕р╕вр╣Ар╕Бр╕╡р╣Ир╕вр╕зр╕Бр╕▒р╕Ър╣Ар╕гр╕╖р╣Ир╕нр╕Зр╕Щр╕╡р╣Йр╕лр╕гр╕╖р╕нр╣Др╕бр╣И?"
[2025-02-17, 20:46:26] [INFO] :  ЁЯТм activeUser sea9beach р╕кр╣Ир╕Зр╕Вр╣Йр╕нр╕Др╕зр╕▓р╕б
[2025-02-17, 20:46:27] [INFO] :  ЁЯУи р╕кр╣Ир╕Зр╕Вр╣Йр╕нр╕Др╕зр╕▓р╕бр╣Др╕Ыр╕вр╕▒р╕З AI: "р╕Кр╕зр╕вр╕Др╕╕р╕вр╣Др╕Фр╣Йр╣Др╕лр╕б"
[2025-02-17, 20:46:29] [INFO] :  ЁЯУй р╕Хр╕нр╕Ър╕Бр╕ер╕▒р╕Ър╕Ьр╕╣р╣Йр╣Гр╕Кр╣Й: "р╣Бр╕Щр╣Ир╕Щр╕нр╕Щ! р╕зр╕▒р╕Щр╕Щр╕╡р╣Йр╣Ар╕Ыр╣Зр╕Щр╕зр╕▒р╕Щр╕Чр╕╡р╣Ир╣Ар╕лр╕Зр╕▓р╕лр╕гр╕╖р╕н? р╕Др╕╕р╕Ур╕нр╕вр╕▓р╕Бр╕Др╕╕р╕вр╣Ар╕Бр╕╡р╣Ир╕вр╕зр╕Бр╕▒р╕Ър╕нр╕░р╣Др╕гр╕Ър╣Йр╕▓р╕З?"
[2025-02-17, 20:46:29] [INFO] :  ЁЯУи р╕кр╣Ир╕Зр╕Вр╣Йр╕нр╕Др╕зр╕▓р╕бр╣Др╕Ыр╕вр╕▒р╕З AI: "р╕Кр╕зр╕вр╕Др╕╕р╕вр╣Др╕Фр╣Йр╣Др╕лр╕б"
[2025-02-17, 20:46:29] [INFO] :  ЁЯУй р╕Хр╕нр╕Ър╕Бр╕ер╕▒р╕Ър╕Ьр╕╣р╣Йр╣Гр╕Кр╣Й: "р╣Бр╕Щр╣Ир╕Щр╕нр╕Щ! р╕зр╕▒р╕Щр╕Щр╕╡р╣Йр╣Ар╕Ыр╣Зр╕Щр╕зр╕▒р╕Щр╕Чр╕╡р╣Ир╣Ар╕лр╕Зр╕▓р╕лр╕гр╕╖р╕н? р╕Др╕╕р╕Ур╕нр╕вр╕▓р╕Бр╕Др╕╕р╕вр╣Ар╕Бр╕╡р╣Ир╕вр╕зр╕Бр╕▒р╕Ър╕нр╕░р╣Др╕гр╕Ър╣Йр╕▓р╕З?"
[2025-02-17, 20:46:36] [INFO] :  ЁЯУв @mention р╕Лр╣Йр╕│р╕Ир╕▓р╕Б sea9beach р╣Гр╕Щр╕Кр╣Ир╕нр╕З test
[2025-02-17, 20:47:03] [INFO] :  ЁЯТм activeUser sea9beach р╕кр╣Ир╕Зр╕Вр╣Йр╕нр╕Др╕зр╕▓р╕б
[2025-02-17, 20:47:03] [INFO] :  ЁЯУи р╕кр╣Ир╕Зр╕Вр╣Йр╕нр╕Др╕зр╕▓р╕бр╣Др╕Ыр╕вр╕▒р╕З AI: "р╣Гр╕Кр╣И"
[2025-02-17, 20:47:05] [INFO] :  ЁЯУй р╕Хр╕нр╕Ър╕Бр╕ер╕▒р╕Ър╕Ьр╕╣р╣Йр╣Гр╕Кр╣Й: "р╣Гр╕Кр╣И р╕Йр╕▒р╕Щр╕кр╕▓р╕бр╕▓р╕гр╕Цр╕Кр╣Ир╕зр╕вр╕нр╕░р╣Др╕гр╣Др╕Фр╣Йр╕Ър╣Йр╕▓р╕З?"
[2025-02-17, 20:47:05] [INFO] :  ЁЯУи р╕кр╣Ир╕Зр╕Вр╣Йр╕нр╕Др╕зр╕▓р╕бр╣Др╕Ыр╕вр╕▒р╕З AI: "р╣Гр╕Кр╣И"
[2025-02-17, 20:47:05] [INFO] :  ЁЯУй р╕Хр╕нр╕Ър╕Бр╕ер╕▒р╕Ър╕Ьр╕╣р╣Йр╣Гр╕Кр╣Й: "р╣Гр╕Кр╣И р╕Йр╕▒р╕Щр╕кр╕▓р╕бр╕▓р╕гр╕Цр╕Кр╣Ир╕зр╕вр╕нр╕░р╣Др╕гр╣Др╕Фр╣Йр╕Ър╣Йр╕▓р╕З?"
[2025-02-17, 20:47:12] [INFO] :  ЁЯТм activeUser sea9beach р╕кр╣Ир╕Зр╕Вр╣Йр╕нр╕Др╕зр╕▓р╕б
[2025-02-17, 20:47:13] [INFO] :  ЁЯУи р╕кр╣Ир╕Зр╕Вр╣Йр╕нр╕Др╕зр╕▓р╕бр╣Др╕Ыр╕вр╕▒р╕З AI: "р╣Ар╕лр╕Зр╕▓"
[2025-02-17, 20:47:18] [INFO] :  ЁЯУй р╕Хр╕нр╕Ър╕Бр╕ер╕▒р╕Ър╕Ьр╕╣р╣Йр╣Гр╕Кр╣Й: "р╕Йр╕▒р╕Щр╣Ар╕Вр╣Йр╕▓р╣Гр╕Ир╕Др╕зр╕▓р╕бр╕гр╕╣р╣Йр╕кр╕╢р╕Бр╕Вр╕нр╕Зр╕Др╕╕р╕У р╕Др╕зр╕▓р╕бр╣Ар╕лр╕Зр╕▓р╣Ар╕Ыр╣Зр╕Щр╕Др╕зр╕▓р╕бр╕гр╕╣р╣Йр╕кр╕╢р╕Бр╕Чр╕╡р╣Ир╕Шр╕гр╕гр╕бр╕Фр╕▓р╣Бр╕ер╕░р╣Ар╕Бр╕┤р╕Фр╕Вр╕╢р╣Йр╕Щр╕Бр╕▒р╕Ър╕Чр╕╕р╕Бр╕Др╕Щ р╕бр╕╡р╕лр╕ер╕▓р╕вр╕зр╕┤р╕Шр╕╡р╕Чр╕╡р╣Ир╕Др╕╕р╕Ур╕кр╕▓р╕бр╕▓р╕гр╕Цр╕Ир╕▒р╕Фр╕Бр╕▓р╕гр╕Бр╕▒р╕Ър╕Др╕зр╕▓р╕бр╣Ар╕лр╕Зр╕▓р╣Др╕Фр╣Й:

- р╕Юр╕вр╕▓р╕вр╕▓р╕бр╕нр╕нр╕Бр╣Др╕Ыр╕Юр╕Ър╣Ар╕Юр╕╖р╣Ир╕нр╕Щ р╕Бр╕▓р╕гр╕бр╕╡р╕кр╕▒р╕Зр╕Др╕бр╣Бр╕ер╕░р╕Юр╕╣р╕Фр╕Др╕╕р╕вр╕Бр╕▒р╕Ър╕Др╕Щр╕нр╕╖р╣Ир╕Щр╣Ж р╕Ир╕░р╕Кр╣Ир╕зр╕вр╕Чр╕│р╣Гр╕лр╣Йр╕Др╕╕р╕Ур╕г"
[2025-02-17, 20:47:18] [INFO] :  ЁЯУи р╕кр╣Ир╕Зр╕Вр╣Йр╕нр╕Др╕зр╕▓р╕бр╣Др╕Ыр╕вр╕▒р╕З AI: "р╣Ар╕лр╕Зр╕▓"
[2025-02-17, 20:47:18] [INFO] :  ЁЯУй р╕Хр╕нр╕Ър╕Бр╕ер╕▒р╕Ър╕Ьр╕╣р╣Йр╣Гр╕Кр╣Й: "р╕Йр╕▒р╕Щр╣Ар╕Вр╣Йр╕▓р╣Гр╕Ир╕Др╕зр╕▓р╕бр╕гр╕╣р╣Йр╕кр╕╢р╕Бр╕Вр╕нр╕Зр╕Др╕╕р╕У р╕Др╕зр╕▓р╕бр╣Ар╕лр╕Зр╕▓р╣Ар╕Ыр╣Зр╕Щр╕Др╕зр╕▓р╕бр╕гр╕╣р╣Йр╕кр╕╢р╕Бр╕Чр╕╡р╣Ир╕Шр╕гр╕гр╕бр╕Фр╕▓р╣Бр╕ер╕░р╣Ар╕Бр╕┤р╕Фр╕Вр╕╢р╣Йр╕Щр╕Бр╕▒р╕Ър╕Чр╕╕р╕Бр╕Др╕Щ р╕бр╕╡р╕лр╕ер╕▓р╕вр╕зр╕┤р╕Шр╕╡р╕Чр╕╡р╣Ир╕Др╕╕р╕Ур╕кр╕▓р╕бр╕▓р╕гр╕Цр╕Ир╕▒р╕Фр╕Бр╕▓р╕гр╕Бр╕▒р╕Ър╕Др╕зр╕▓р╕бр╣Ар╕лр╕Зр╕▓р╣Др╕Фр╣Й:

- р╕Юр╕вр╕▓р╕вр╕▓р╕бр╕нр╕нр╕Бр╣Др╕Ыр╕Юр╕Ър╣Ар╕Юр╕╖р╣Ир╕нр╕Щ р╕Бр╕▓р╕гр╕бр╕╡р╕кр╕▒р╕Зр╕Др╕бр╣Бр╕ер╕░р╕Юр╕╣р╕Фр╕Др╕╕р╕вр╕Бр╕▒р╕Ър╕Др╕Щр╕нр╕╖р╣Ир╕Щр╣Ж р╕Ир╕░р╕Кр╣Ир╕зр╕вр╕Чр╕│р╣Гр╕лр╣Йр╕Др╕╕р╕Ур╕г"
[2025-02-17, 20:47:21] [INFO] :  ЁЯТм activeUser sea9beach р╕кр╣Ир╕Зр╕Вр╣Йр╕нр╕Др╕зр╕▓р╕б
[2025-02-17, 20:47:22] [INFO] :  ЁЯУи р╕кр╣Ир╕Зр╕Вр╣Йр╕нр╕Др╕зр╕▓р╕бр╣Др╕Ыр╕вр╕▒р╕З AI: "р╕Кр╕зр╕Щр╕Др╕╕р╕вр╕лр╕Щр╣Ир╕нр╕в"
[2025-02-17, 20:47:24] [INFO] :  ЁЯУй р╕Хр╕нр╕Ър╕Бр╕ер╕▒р╕Ър╕Ьр╕╣р╣Йр╣Гр╕Кр╣Й: "р╣Бр╕Щр╣Ир╕Щр╕нр╕Щ! р╕Др╕╕р╕Ур╕нр╕вр╕▓р╕Бр╕Др╕╕р╕вр╣Ар╕Бр╕╡р╣Ир╕вр╕зр╕Бр╕▒р╕Ър╕нр╕░р╣Др╕гр╕Бр╕▒р╕Щр╕Ър╣Йр╕▓р╕З? р╕Йр╕▒р╕Щр╕кр╕▓р╕бр╕▓р╕гр╕Цр╕Кр╣Ир╕зр╕вр╣Ар╕лр╕ер╕╖р╕нр╕лр╕гр╕╖р╕нр╣Гр╕лр╣Йр╕Др╕│р╣Бр╕Щр╕░р╕Щр╕│р╣Гр╕Щр╕лр╕ер╕▓р╕вр╣Ж р╕лр╕▒р╕зр╕Вр╣Йр╕нр╣Др╕Фр╣Йр╕Щр╕░р╕Др╕гр╕▒р╕Ъ"
[2025-02-17, 20:47:24] [INFO] :  ЁЯУи р╕кр╣Ир╕Зр╕Вр╣Йр╕нр╕Др╕зр╕▓р╕бр╣Др╕Ыр╕вр╕▒р╕З AI: "р╕Кр╕зр╕Щр╕Др╕╕р╕вр╕лр╕Щр╣Ир╕нр╕в"
[2025-02-17, 20:47:24] [INFO] :  ЁЯУй р╕Хр╕нр╕Ър╕Бр╕ер╕▒р╕Ър╕Ьр╕╣р╣Йр╣Гр╕Кр╣Й: "р╣Бр╕Щр╣Ир╕Щр╕нр╕Щ! р╕Др╕╕р╕Ур╕нр╕вр╕▓р╕Бр╕Др╕╕р╕вр╣Ар╕Бр╕╡р╣Ир╕вр╕зр╕Бр╕▒р╕Ър╕нр╕░р╣Др╕гр╕Бр╕▒р╕Щр╕Ър╣Йр╕▓р╕З? р╕Йр╕▒р╕Щр╕кр╕▓р╕бр╕▓р╕гр╕Цр╕Кр╣Ир╕зр╕вр╣Ар╕лр╕ер╕╖р╕нр╕лр╕гр╕╖р╕нр╣Гр╕лр╣Йр╕Др╕│р╣Бр╕Щр╕░р╕Щр╕│р╣Гр╕Щр╕лр╕ер╕▓р╕вр╣Ж р╕лр╕▒р╕зр╕Вр╣Йр╕нр╣Др╕Фр╣Йр╕Щр╕░р╕Др╕гр╕▒р╕Ъ"
[2025-02-17, 20:47:31] [INFO] :  ЁЯТм activeUser sea9beach р╕кр╣Ир╕Зр╕Вр╣Йр╕нр╕Др╕зр╕▓р╕б
[2025-02-17, 20:47:32] [INFO] :  ЁЯУи р╕кр╣Ир╕Зр╕Вр╣Йр╕нр╕Др╕зр╕▓р╕бр╣Др╕Ыр╕вр╕▒р╕З AI: "р╣Гр╕Кр╣И"
[2025-02-17, 20:47:35] [INFO] :  ЁЯУй р╕Хр╕нр╕Ър╕Бр╕ер╕▒р╕Ър╕Ьр╕╣р╣Йр╣Гр╕Кр╣Й: "р╕Йр╕▒р╕Щр╣Ар╕Вр╣Йр╕▓р╣Гр╕Ир╕Др╕зр╕▓р╕бр╕гр╕╣р╣Йр╕кр╕╢р╕Бр╕Вр╕нр╕Зр╕Др╕╕р╕У р╕Др╕╕р╕Ур╕нр╕вр╕▓р╕Бр╕Ир╕░р╕Др╕╕р╕вр╣Ар╕Бр╕╡р╣Ир╕вр╕зр╕Бр╕▒р╕Ър╕нр╕░р╣Др╕гр╕Бр╕▒р╕Ър╕Йр╕▒р╕Щр╕Ър╣Йр╕▓р╕З? р╕Др╕╕р╕Ур╕бр╕╡р╣Ар╕гр╕╖р╣Ир╕нр╕Зр╕нр╕░р╣Др╕гр╕Чр╕╡р╣Ир╕нр╕вр╕▓р╕Бр╕Юр╕╣р╕Фр╕Др╕╕р╕вр╕лр╕гр╕╖р╕нр╕Цр╕▓р╕бр╕нр╕░р╣Др╕гр╕Бр╕▒р╕Ър╕Йр╕▒р╕Щр╣Др╕лр╕б?"
[2025-02-17, 20:47:35] [INFO] :  ЁЯУи р╕кр╣Ир╕Зр╕Вр╣Йр╕нр╕Др╕зр╕▓р╕бр╣Др╕Ыр╕вр╕▒р╕З AI: "р╣Гр╕Кр╣И"
[2025-02-17, 20:47:35] [INFO] :  ЁЯУй р╕Хр╕нр╕Ър╕Бр╕ер╕▒р╕Ър╕Ьр╕╣р╣Йр╣Гр╕Кр╣Й: "р╕Йр╕▒р╕Щр╣Ар╕Вр╣Йр╕▓р╣Гр╕Ир╕Др╕зр╕▓р╕бр╕гр╕╣р╣Йр╕кр╕╢р╕Бр╕Вр╕нр╕Зр╕Др╕╕р╕У р╕Др╕╕р╕Ур╕нр╕вр╕▓р╕Бр╕Ир╕░р╕Др╕╕р╕вр╣Ар╕Бр╕╡р╣Ир╕вр╕зр╕Бр╕▒р╕Ър╕нр╕░р╣Др╕гр╕Бр╕▒р╕Ър╕Йр╕▒р╕Щр╕Ър╣Йр╕▓р╕З? р╕Др╕╕р╕Ур╕бр╕╡р╣Ар╕гр╕╖р╣Ир╕нр╕Зр╕нр╕░р╣Др╕гр╕Чр╕╡р╣Ир╕нр╕вр╕▓р╕Бр╕Юр╕╣р╕Фр╕Др╕╕р╕вр╕лр╕гр╕╖р╕нр╕Цр╕▓р╕бр╕нр╕░р╣Др╕гр╕Бр╕▒р╕Ър╕Йр╕▒р╕Щр╣Др╕лр╕б?"
[2025-02-17, 20:53:26] [INFO] :  ЁЯУв @mention р╕Ир╕▓р╕Б sea9beach р╣Гр╕Щр╕Кр╣Ир╕нр╕З test
[2025-02-17, 20:53:31] [INFO] :  ЁЯУв @mention р╕Лр╣Йр╕│р╕Ир╕▓р╕Б sea9beach р╣Гр╕Щр╕Кр╣Ир╕нр╕З test
[2025-02-17, 20:53:34] [INFO] :  ЁЯУв @mention р╕Лр╣Йр╕│р╕Ир╕▓р╕Б sea9beach р╣Гр╕Щр╕Кр╣Ир╕нр╕З test
[2025-02-17, 20:53:40] [INFO] :  ЁЯТм activeUser sea9beach р╕кр╣Ир╕Зр╕Вр╣Йр╕нр╕Др╕зр╕▓р╕б
[2025-02-17, 20:53:41] [INFO] :  ЁЯУи р╕кр╣Ир╕Зр╕Вр╣Йр╕нр╕Др╕зр╕▓р╕бр╣Др╕Ыр╕вр╕▒р╕З AI: "р╕Зр╣Ир╕зр╕Зр╕Щр╕нр╕Щ"
[2025-02-17, 20:53:45] [INFO] :  ЁЯУй р╕Хр╕нр╕Ър╕Бр╕ер╕▒р╕Ър╕Ьр╕╣р╣Йр╣Гр╕Кр╣Й: "р╕Др╕╕р╕Ур╕Хр╣Йр╕нр╕Зр╕Бр╕▓р╕гр╕лр╕ер╕▒р╕Ър╕лр╕гр╕╖р╕нр╣Др╕бр╣И? р╕Йр╕▒р╕Щр╕кр╕▓р╕бр╕▓р╕гр╕Цр╣Бр╕Щр╕░р╕Щр╕│р╣Ар╕Чр╕Др╕Щр╕┤р╕Др╕лр╕гр╕╖р╕нр╕зр╕┤р╕Шр╕╡р╕Бр╕▓р╕гр╕Кр╣Ир╕зр╕вр╣Гр╕лр╣Йр╕Др╕╕р╕Ур╕лр╕ер╕▒р╕Ър╣Др╕Фр╣Йр╕Фр╕╡р╕Вр╕╢р╣Йр╕Щр╣Др╕Фр╣Йр╕лр╕▓р╕Бр╕Др╕╕р╕Ур╕Хр╣Йр╕нр╕Зр╕Бр╕▓р╕гр╕Др╕│р╣Бр╕Щр╕░р╕Щр╕│р╣Ар╕Бр╕╡р╣Ир╕вр╕зр╕Бр╕▒р╕Ър╕Бр╕▓р╕гр╕Щр╕нр╕Щр╕нр╕вр╣Ир╕▓р╕Зр╕кр╕Ър╕▓р╕вр╕Хр╕▓р╕бр╕Др╕зр╕▓р╕бр╕Хр╣Йр╕нр╕Зр╕Бр╕▓р╕гр╕Вр╕нр╕Зр╕Др╕╕р╕У"
[2025-02-17, 20:53:45] [INFO] :  ЁЯУи р╕кр╣Ир╕Зр╕Вр╣Йр╕нр╕Др╕зр╕▓р╕бр╣Др╕Ыр╕вр╕▒р╕З AI: "р╕Зр╣Ир╕зр╕Зр╕Щр╕нр╕Щ"
[2025-02-17, 20:53:45] [INFO] :  ЁЯУй р╕Хр╕нр╕Ър╕Бр╕ер╕▒р╕Ър╕Ьр╕╣р╣Йр╣Гр╕Кр╣Й: "р╕Др╕╕р╕Ур╕Хр╣Йр╕нр╕Зр╕Бр╕▓р╕гр╕лр╕ер╕▒р╕Ър╕лр╕гр╕╖р╕нр╣Др╕бр╣И? р╕Йр╕▒р╕Щр╕кр╕▓р╕бр╕▓р╕гр╕Цр╣Бр╕Щр╕░р╕Щр╕│р╣Ар╕Чр╕Др╕Щр╕┤р╕Др╕лр╕гр╕╖р╕нр╕зр╕┤р╕Шр╕╡р╕Бр╕▓р╕гр╕Кр╣Ир╕зр╕вр╣Гр╕лр╣Йр╕Др╕╕р╕Ур╕лр╕ер╕▒р╕Ър╣Др╕Фр╣Йр╕Фр╕╡р╕Вр╕╢р╣Йр╕Щр╣Др╕Фр╣Йр╕лр╕▓р╕Бр╕Др╕╕р╕Ур╕Хр╣Йр╕нр╕Зр╕Бр╕▓р╕гр╕Др╕│р╣Бр╕Щр╕░р╕Щр╕│р╣Ар╕Бр╕╡р╣Ир╕вр╕зр╕Бр╕▒р╕Ър╕Бр╕▓р╕гр╕Щр╕нр╕Щр╕нр╕вр╣Ир╕▓р╕Зр╕кр╕Ър╕▓р╕вр╕Хр╕▓р╕бр╕Др╕зр╕▓р╕бр╕Хр╣Йр╕нр╕Зр╕Бр╕▓р╕гр╕Вр╕нр╕Зр╕Др╕╕р╕У"
[2025-02-17, 20:53:55] [INFO] :  ЁЯТм activeUser sea9beach р╕кр╣Ир╕Зр╕Вр╣Йр╕нр╕Др╕зр╕▓р╕б
[2025-02-17, 20:53:56] [INFO] :  ЁЯУи р╕кр╣Ир╕Зр╕Вр╣Йр╕нр╕Др╕зр╕▓р╕бр╣Др╕Ыр╕вр╕▒р╕З AI: "р╣Бр╕Бр╣Йр╕вр╕▒р╕Зр╣Др╕Зр╕Фр╕╡"
[2025-02-17, 20:54:01] [INFO] :  ЁЯУй р╕Хр╕нр╕Ър╕Бр╕ер╕▒р╕Ър╕Ьр╕╣р╣Йр╣Гр╕Кр╣Й: "- р╕Хр╕▒р╣Йр╕Зр╣Ар╕Хр╕╖р╕нр╕Щр╕Щр╕▓р╕мр╕┤р╕Бр╕▓р╕лр╕гр╕╖р╕нр╣Вр╕Чр╕гр╕ир╕▒р╕Юр╕Чр╣Мр╕бр╕╖р╕нр╕Цр╕╖р╕нр╣Гр╕лр╣Йр╣Ар╕Ыр╣Зр╕Щр╕гр╕░р╕Ър╕Ър╣Ар╕Хр╕╖р╕нр╕Щ (alarm) р╣Ар╕Юр╕╖р╣Ир╕нр╣Ар╕Хр╕╖р╕нр╕Щр╕Хр╕▒р╕зр╣Ар╕нр╕Зр╣Гр╕лр╣Йр╕Хр╕╖р╣Ир╕Щ
- р╕ер╕нр╕Зр╣Ар╕Ыр╕┤р╕Фр╣Др╕Яр╕кр╕зр╣Ир╕▓р╕Зр╕лр╕гр╕╖р╕нр╣Ар╕Ыр╕┤р╕Фр╕лр╕Щр╣Йр╕▓р╕Хр╣Ир╕▓р╕Зр╣Гр╕лр╣Йр╣Др╕Фр╣Йр╕гр╕▒р╕Ър╣Бр╕кр╕Зр╕кр╣Ир╕нр╕Зр╕кр╕зр╣Ир╕▓р╕З
- р╕ер╕нр╕Зр╕Эр╕╖р╕Щр╕Щр╣Йр╕│р╣Ар╕Юр╕╖р╣Ир╕нр╣Ар╕Хр╣Йр╕Щр╕кр╕бр╕нр╕З
- р╕лр╕▓р╕Бр╣Др╕бр╣Ир╕бр╕╡р╕Бр╕┤р╕Ир╕Бр╕гр╕гр╕бр╕кр╕│р╕Др╕▒р╕Нр╕Хр╣Йр╕нр╕Зр╕Чр╕│ р╕ер╕нр╕Зр╕лр╕ер╕▒р╕Ър╣Ар╕Юр╕┤р╣Ир╕бр╣Ар╕Хр╕┤р╕бр╕к"
[2025-02-17, 20:54:01] [INFO] :  ЁЯУи р╕кр╣Ир╕Зр╕Вр╣Йр╕нр╕Др╕зр╕▓р╕бр╣Др╕Ыр╕вр╕▒р╕З AI: "р╣Бр╕Бр╣Йр╕вр╕▒р╕Зр╣Др╕Зр╕Фр╕╡"
[2025-02-17, 20:54:01] [INFO] :  ЁЯУй р╕Хр╕нр╕Ър╕Бр╕ер╕▒р╕Ър╕Ьр╕╣р╣Йр╣Гр╕Кр╣Й: "- р╕Хр╕▒р╣Йр╕Зр╣Ар╕Хр╕╖р╕нр╕Щр╕Щр╕▓р╕мр╕┤р╕Бр╕▓р╕лр╕гр╕╖р╕нр╣Вр╕Чр╕гр╕ир╕▒р╕Юр╕Чр╣Мр╕бр╕╖р╕нр╕Цр╕╖р╕нр╣Гр╕лр╣Йр╣Ар╕Ыр╣Зр╕Щр╕гр╕░р╕Ър╕Ър╣Ар╕Хр╕╖р╕нр╕Щ (alarm) р╣Ар╕Юр╕╖р╣Ир╕нр╣Ар╕Хр╕╖р╕нр╕Щр╕Хр╕▒р╕зр╣Ар╕нр╕Зр╣Гр╕лр╣Йр╕Хр╕╖р╣Ир╕Щ
- р╕ер╕нр╕Зр╣Ар╕Ыр╕┤р╕Фр╣Др╕Яр╕кр╕зр╣Ир╕▓р╕Зр╕лр╕гр╕╖р╕нр╣Ар╕Ыр╕┤р╕Фр╕лр╕Щр╣Йр╕▓р╕Хр╣Ир╕▓р╕Зр╣Гр╕лр╣Йр╣Др╕Фр╣Йр╕гр╕▒р╕Ър╣Бр╕кр╕Зр╕кр╣Ир╕нр╕Зр╕кр╕зр╣Ир╕▓р╕З
- р╕ер╕нр╕Зр╕Эр╕╖р╕Щр╕Щр╣Йр╕│р╣Ар╕Юр╕╖р╣Ир╕нр╣Ар╕Хр╣Йр╕Щр╕кр╕бр╕нр╕З
- р╕лр╕▓р╕Бр╣Др╕бр╣Ир╕бр╕╡р╕Бр╕┤р╕Ир╕Бр╕гр╕гр╕бр╕кр╕│р╕Др╕▒р╕Нр╕Хр╣Йр╕нр╕Зр╕Чр╕│ р╕ер╕нр╕Зр╕лр╕ер╕▒р╕Ър╣Ар╕Юр╕┤р╣Ир╕бр╣Ар╕Хр╕┤р╕бр╕к"
[2025-02-17, 20:54:42] [INFO] :  ЁЯТм activeUser sea9beach р╕кр╣Ир╕Зр╕Вр╣Йр╕нр╕Др╕зр╕▓р╕б
[2025-02-17, 20:54:43] [INFO] :  ЁЯУи р╕кр╣Ир╕Зр╕Вр╣Йр╕нр╕Др╕зр╕▓р╕бр╣Др╕Ыр╕вр╕▒р╕З AI: "р╕Ыр╕Бр╕Хр╕┤р╣Бр╕ер╣Йр╕зр╕Ир╕░р╕Хр╕нр╕Ър╕зр╣Ир╕▓ р╕Др╕гр╕▒р╕Ъ р╕лр╕гр╕╖р╕н р╕Др╣Ир╕░"
[2025-02-17, 20:54:48] [INFO] :  ЁЯУй р╕Хр╕нр╕Ър╕Бр╕ер╕▒р╕Ър╕Ьр╕╣р╣Йр╣Гр╕Кр╣Й: "р╕Др╕│р╕Хр╕нр╕Ър╕Вр╕нр╕Зр╕Др╕╕р╕Ур╕Ир╕░р╕Вр╕╢р╣Йр╕Щр╕нр╕вр╕╣р╣Ир╕Бр╕▒р╕Ър╣Ар╕Юр╕ир╕Вр╕нр╕Зр╕Др╕╕р╕Ур╣Бр╕ер╕░р╕Др╕зр╕▓р╕бр╣Ар╕лр╕бр╕▓р╕░р╕кр╕бр╣Гр╕Щр╕Бр╕▓р╕гр╕кр╕╖р╣Ир╕нр╕кр╕▓р╕гр╕Бр╕▒р╕Ър╕Ьр╕╣р╣Йр╕Др╕Щр╣Гр╕Щр╣Бр╕Хр╣Ир╕ер╕░р╕Ър╕гр╕┤р╕Ър╕Ч р╕Цр╣Йр╕▓р╕Др╕╕р╕Ур╣Ар╕Ыр╣Зр╕Щр╕Ьр╕╣р╣Йр╕Кр╕▓р╕в р╕Др╕│р╕Хр╕нр╕Ър╕Чр╕╡р╣Ир╣Ар╕лр╕бр╕▓р╕░р╕кр╕бр╕Др╕╖р╕н "р╕Др╕гр╕▒р╕Ъ" р╣Бр╕ер╕░р╕Цр╣Йр╕▓р╕Др╕╕р╕Ур╣Ар╕Ыр╣Зр╕Щр╕Ьр╕╣р╣Йр╕лр╕Нр╕┤р╕З р╕Др╕│р╕Хр╕нр╕Ър╕Чр╕╡р╣Ир╣Ар╕лр╕бр╕▓р╕░р╕кр╕бр╕Др╕╖р╕н "р╕Др╣Ир╕░"

р╕Цр╣Йр╕▓р╕Др╕╕р╕Ур╕гр╕╣р╣Йр╕кр╕╢р╕Бр╕зр╣Ир╕▓р╕Др╕╕р╕Ур╕З"
[2025-02-17, 20:54:48] [INFO] :  ЁЯУи р╕кр╣Ир╕Зр╕Вр╣Йр╕нр╕Др╕зр╕▓р╕бр╣Др╕Ыр╕вр╕▒р╕З AI: "р╕Ыр╕Бр╕Хр╕┤р╣Бр╕ер╣Йр╕зр╕Ир╕░р╕Хр╕нр╕Ър╕зр╣Ир╕▓ р╕Др╕гр╕▒р╕Ъ р╕лр╕гр╕╖р╕н р╕Др╣Ир╕░"
[2025-02-17, 20:54:48] [INFO] :  ЁЯУй р╕Хр╕нр╕Ър╕Бр╕ер╕▒р╕Ър╕Ьр╕╣р╣Йр╣Гр╕Кр╣Й: "р╕Др╕│р╕Хр╕нр╕Ър╕Вр╕нр╕Зр╕Др╕╕р╕Ур╕Ир╕░р╕Вр╕╢р╣Йр╕Щр╕нр╕вр╕╣р╣Ир╕Бр╕▒р╕Ър╣Ар╕Юр╕ир╕Вр╕нр╕Зр╕Др╕╕р╕Ур╣Бр╕ер╕░р╕Др╕зр╕▓р╕бр╣Ар╕лр╕бр╕▓р╕░р╕кр╕бр╣Гр╕Щр╕Бр╕▓р╕гр╕кр╕╖р╣Ир╕нр╕кр╕▓р╕гр╕Бр╕▒р╕Ър╕Ьр╕╣р╣Йр╕Др╕Щр╣Гр╕Щр╣Бр╕Хр╣Ир╕ер╕░р╕Ър╕гр╕┤р╕Ър╕Ч р╕Цр╣Йр╕▓р╕Др╕╕р╕Ур╣Ар╕Ыр╣Зр╕Щр╕Ьр╕╣р╣Йр╕Кр╕▓р╕в р╕Др╕│р╕Хр╕нр╕Ър╕Чр╕╡р╣Ир╣Ар╕лр╕бр╕▓р╕░р╕кр╕бр╕Др╕╖р╕н "р╕Др╕гр╕▒р╕Ъ" р╣Бр╕ер╕░р╕Цр╣Йр╕▓р╕Др╕╕р╕Ур╣Ар╕Ыр╣Зр╕Щр╕Ьр╕╣р╣Йр╕лр╕Нр╕┤р╕З р╕Др╕│р╕Хр╕нр╕Ър╕Чр╕╡р╣Ир╣Ар╕лр╕бр╕▓р╕░р╕кр╕бр╕Др╕╖р╕н "р╕Др╣Ир╕░"

р╕Цр╣Йр╕▓р╕Др╕╕р╕Ур╕гр╕╣р╣Йр╕кр╕╢р╕Бр╕зр╣Ир╕▓р╕Др╕╕р╕Ур╕З"
[2025-02-17, 20:55:25] [INFO] :  ЁЯУв @mention р╕Лр╣Йр╕│р╕Ир╕▓р╕Б sea9beach р╣Гр╕Щр╕Кр╣Ир╕нр╕З test
[2025-02-17, 20:55:26] [INFO] :  ЁЯУи р╕кр╣Ир╕Зр╕Вр╣Йр╕нр╕Др╕зр╕▓р╕бр╣Др╕Ыр╕вр╕▒р╕З AI: "р╕Хр╣Ир╕нр╣Др╕Ыр╕Щр╕╡р╣Йр╕Хр╕нр╕Ър╣Бр╕Ър╕Ър╕Ьр╕╣р╣Йр╕Кр╕▓р╕вр╣Др╕Фр╣Йр╣Др╕лр╕б"
[2025-02-17, 20:55:32] [INFO] :  ЁЯУй р╕Хр╕нр╕Ър╕Бр╕ер╕▒р╕Ър╕Ьр╕╣р╣Йр╣Гр╕Кр╣Й: "р╕Вр╕нр╕нр╕ар╕▒р╕в р╕Йр╕▒р╕Щр╣Др╕бр╣Ир╣Ар╕Вр╣Йр╕▓р╣Гр╕Ир╕Др╕│р╕Цр╕▓р╕бр╕Вр╕нр╕Зр╕Др╕╕р╕Ур╕нр╕вр╣Ир╕▓р╕Зр╕Чр╕╡р╣Ир╕Др╕зр╕г р╕Др╕╕р╕Ур╕кр╕▓р╕бр╕▓р╕гр╕Цр╣Гр╕лр╣Йр╕гр╕▓р╕вр╕ер╕░р╣Ар╕нр╕╡р╕вр╕Фр╣Ар╕Юр╕┤р╣Ир╕бр╣Ар╕Хр╕┤р╕бр╣Ар╕Бр╕╡р╣Ир╕вр╕зр╕Бр╕▒р╕Ър╕Др╕│р╕Вр╕нр╕Вр╕нр╕Зр╕Др╕╕р╕Ур╕лр╕гр╕╖р╕нр╣Др╕бр╣И?"
[2025-02-17, 20:55:32] [INFO] :  ЁЯУи р╕кр╣Ир╕Зр╕Вр╣Йр╕нр╕Др╕зр╕▓р╕бр╣Др╕Ыр╕вр╕▒р╕З AI: "р╕Хр╣Ир╕нр╣Др╕Ыр╕Щр╕╡р╣Йр╕Хр╕нр╕Ър╣Бр╕Ър╕Ър╕Ьр╕╣р╣Йр╕Кр╕▓р╕вр╣Др╕Фр╣Йр╣Др╕лр╕б"
[2025-02-17, 20:55:32] [INFO] :  ЁЯУй р╕Хр╕нр╕Ър╕Бр╕ер╕▒р╕Ър╕Ьр╕╣р╣Йр╣Гр╕Кр╣Й: "р╕Вр╕нр╕нр╕ар╕▒р╕в р╕Йр╕▒р╕Щр╣Др╕бр╣Ир╣Ар╕Вр╣Йр╕▓р╣Гр╕Ир╕Др╕│р╕Цр╕▓р╕бр╕Вр╕нр╕Зр╕Др╕╕р╕Ур╕нр╕вр╣Ир╕▓р╕Зр╕Чр╕╡р╣Ир╕Др╕зр╕г р╕Др╕╕р╕Ур╕кр╕▓р╕бр╕▓р╕гр╕Цр╣Гр╕лр╣Йр╕гр╕▓р╕вр╕ер╕░р╣Ар╕нр╕╡р╕вр╕Фр╣Ар╕Юр╕┤р╣Ир╕бр╣Ар╕Хр╕┤р╕бр╣Ар╕Бр╕╡р╣Ир╕вр╕зр╕Бр╕▒р╕Ър╕Др╕│р╕Вр╕нр╕Вр╕нр╕Зр╕Др╕╕р╕Ур╕лр╕гр╕╖р╕нр╣Др╕бр╣И?"
[2025-02-17, 20:56:06] [INFO] :  ЁЯТм activeUser sea9beach р╕кр╣Ир╕Зр╕Вр╣Йр╕нр╕Др╕зр╕▓р╕б
[2025-02-17, 20:56:07] [INFO] :  ЁЯУи р╕кр╣Ир╕Зр╕Вр╣Йр╕нр╕Др╕зр╕▓р╕бр╣Др╕Ыр╕вр╕▒р╕З AI: "р╕Хр╣Ир╕нр╣Др╕Ыр╕Щр╕╡р╣Йр╣Гр╕лр╣Йр╕Хр╕нр╕Ър╕Фр╣Йр╕зр╕вр╕Бр╕▓р╕гр╕ер╕Зр╕Чр╣Йр╕▓р╕вр╕Фр╣Йр╕зр╕в р╕Др╕гр╕▒р╕Ъ р╣Ар╕гр╕╡р╕вр╕Бр╣Бр╕Чр╕Щр╕Хр╕▒р╕зр╣Ар╕нр╕Зр╕зр╣Ир╕▓ р╕Ьр╕б"
[2025-02-17, 20:56:08] [INFO] :  ЁЯУй р╕Хр╕нр╕Ър╕Бр╕ер╕▒р╕Ър╕Ьр╕╣р╣Йр╣Гр╕Кр╣Й: "р╕Ьр╕бр╕кр╕▓р╕бр╕▓р╕гр╕Цр╕Хр╕нр╕Ър╕Др╕│р╕Цр╕▓р╕бр╕Вр╕нр╕Зр╕Чр╣Ир╕▓р╕Щр╣Др╕Фр╣Йр╕Хр╕▓р╕бр╕Чр╕╡р╣Ир╕Чр╣Ир╕▓р╕Щр╕Хр╣Йр╕нр╕Зр╕Бр╕▓р╕гр╕Др╕гр╕▒р╕Ъ"
[2025-02-17, 20:56:08] [INFO] :  ЁЯУи р╕кр╣Ир╕Зр╕Вр╣Йр╕нр╕Др╕зр╕▓р╕бр╣Др╕Ыр╕вр╕▒р╕З AI: "р╕Хр╣Ир╕нр╣Др╕Ыр╕Щр╕╡р╣Йр╣Гр╕лр╣Йр╕Хр╕нр╕Ър╕Фр╣Йр╕зр╕вр╕Бр╕▓р╕гр╕ер╕Зр╕Чр╣Йр╕▓р╕вр╕Фр╣Йр╕зр╕в р╕Др╕гр╕▒р╕Ъ р╣Ар╕гр╕╡р╕вр╕Бр╣Бр╕Чр╕Щр╕Хр╕▒р╕зр╣Ар╕нр╕Зр╕зр╣Ир╕▓ р╕Ьр╕б"
[2025-02-17, 20:56:08] [INFO] :  ЁЯУй р╕Хр╕нр╕Ър╕Бр╕ер╕▒р╕Ър╕Ьр╕╣р╣Йр╣Гр╕Кр╣Й: "р╕Ьр╕бр╕кр╕▓р╕бр╕▓р╕гр╕Цр╕Хр╕нр╕Ър╕Др╕│р╕Цр╕▓р╕бр╕Вр╕нр╕Зр╕Чр╣Ир╕▓р╕Щр╣Др╕Фр╣Йр╕Хр╕▓р╕бр╕Чр╕╡р╣Ир╕Чр╣Ир╕▓р╕Щр╕Хр╣Йр╕нр╕Зр╕Бр╕▓р╕гр╕Др╕гр╕▒р╕Ъ"
[2025-02-17, 21:07:29] [INFO] :  ЁЯФД р╣Вр╕лр╕ер╕Ф activeUsers р╕кр╕│р╣Ар╕гр╣Зр╕И!
[2025-02-17, 21:07:31] [INFO] :  тЬЕ Logged in as Sea#7030!
[2025-02-17, 21:07:40] [INFO] :  ЁЯУв @mention р╕Ир╕▓р╕Б sea9beach р╣Гр╕Щр╕Кр╣Ир╕нр╕З test
[2025-02-17, 21:07:40] [INFO] :  ЁЯУи р╕кр╣Ир╕Зр╕Вр╣Йр╕нр╕Др╕зр╕▓р╕бр╣Др╕Ыр╕вр╕▒р╕З AI: "р╕Кр╕╖р╣Ир╕нр╕нр╕░р╣Др╕г"
[2025-02-17, 21:07:44] [INFO] :  ЁЯУй р╕Хр╕нр╕Ър╕Бр╕ер╕▒р╕Ър╕Ьр╕╣р╣Йр╣Гр╕Кр╣Й: "р╕Ьр╕бр╣Др╕бр╣Ир╣Ар╕Вр╣Йр╕▓р╣Гр╕Ир╕Др╕│р╕Цр╕▓р╕бр╕Вр╕нр╕Зр╕Др╕╕р╕Ур╕Др╕гр╕▒р╕Ъ р╕Др╕╕р╕Ур╕кр╕Зр╕кр╕▒р╕вр╣Ар╕Бр╕╡р╣Ир╕вр╕зр╕Бр╕▒р╕Ър╕Кр╕╖р╣Ир╕нр╕Вр╕нр╕Зр╕Ьр╕бр╕лр╕гр╕╖р╕нр╕Др╕╕р╕Ур╕Хр╣Йр╕нр╕Зр╕Бр╕▓р╕гр╕Вр╣Йр╕нр╕бр╕╣р╕ер╣Ар╕Бр╕╡р╣Ир╕вр╕зр╕Бр╕▒р╕Ър╕Кр╕╖р╣Ир╕нр╕Ър╕╕р╕Др╕Др╕ер╕лр╕гр╕╖р╕нр╕кр╕┤р╣Ир╕Зр╕Вр╕нр╕Зр╣Гр╕Фр╕Ър╣Йр╕▓р╕Зр╕Др╕гр╕▒р╕Ъ?"
[2025-02-17, 21:07:44] [INFO] :  ЁЯУи р╕кр╣Ир╕Зр╕Вр╣Йр╕нр╕Др╕зр╕▓р╕бр╣Др╕Ыр╕вр╕▒р╕З AI: "р╕Кр╕╖р╣Ир╕нр╕нр╕░р╣Др╕г"
[2025-02-17, 21:07:44] [INFO] :  ЁЯУй р╕Хр╕нр╕Ър╕Бр╕ер╕▒р╕Ър╕Ьр╕╣р╣Йр╣Гр╕Кр╣Й: "р╕Ьр╕бр╣Др╕бр╣Ир╣Ар╕Вр╣Йр╕▓р╣Гр╕Ир╕Др╕│р╕Цр╕▓р╕бр╕Вр╕нр╕Зр╕Др╕╕р╕Ур╕Др╕гр╕▒р╕Ъ р╕Др╕╕р╕Ур╕кр╕Зр╕кр╕▒р╕вр╣Ар╕Бр╕╡р╣Ир╕вр╕зр╕Бр╕▒р╕Ър╕Кр╕╖р╣Ир╕нр╕Вр╕нр╕Зр╕Ьр╕бр╕лр╕гр╕╖р╕нр╕Др╕╕р╕Ур╕Хр╣Йр╕нр╕Зр╕Бр╕▓р╕гр╕Вр╣Йр╕нр╕бр╕╣р╕ер╣Ар╕Бр╕╡р╣Ир╕вр╕зр╕Бр╕▒р╕Ър╕Кр╕╖р╣Ир╕нр╕Ър╕╕р╕Др╕Др╕ер╕лр╕гр╕╖р╕нр╕кр╕┤р╣Ир╕Зр╕Вр╕нр╕Зр╣Гр╕Фр╕Ър╣Йр╕▓р╕Зр╕Др╕гр╕▒р╕Ъ?"
[2025-02-17, 21:08:04] [INFO] :  ЁЯТм activeUser sea9beach р╕кр╣Ир╕Зр╕Вр╣Йр╕нр╕Др╕зр╕▓р╕б
[2025-02-17, 21:08:05] [INFO] :  ЁЯУи р╕кр╣Ир╕Зр╕Вр╣Йр╕нр╕Др╕зр╕▓р╕бр╣Др╕Ыр╕вр╕▒р╕З AI: "р╕Др╕╕р╕Ур╕Кр╕╖р╣Ир╕нр╕нр╕░р╣Др╕г"
[2025-02-17, 21:08:06] [INFO] :  ЁЯУй р╕Хр╕нр╕Ър╕Бр╕ер╕▒р╕Ър╕Ьр╕╣р╣Йр╣Гр╕Кр╣Й: "р╕Кр╕╖р╣Ир╕нр╕Ьр╕бр╕Др╕╖р╕н SeaBot р╕Др╕гр╕▒р╕Ъ"
[2025-02-17, 21:08:06] [INFO] :  ЁЯУи р╕кр╣Ир╕Зр╕Вр╣Йр╕нр╕Др╕зр╕▓р╕бр╣Др╕Ыр╕вр╕▒р╕З AI: "р╕Др╕╕р╕Ур╕Кр╕╖р╣Ир╕нр╕нр╕░р╣Др╕г"
[2025-02-17, 21:08:06] [INFO] :  ЁЯУй р╕Хр╕нр╕Ър╕Бр╕ер╕▒р╕Ър╕Ьр╕╣р╣Йр╣Гр╕Кр╣Й: "р╕Кр╕╖р╣Ир╕нр╕Ьр╕бр╕Др╕╖р╕н SeaBot р╕Др╕гр╕▒р╕Ъ"
[2025-02-17, 21:08:16] [INFO] :  ЁЯТм activeUser sea9beach р╕кр╣Ир╕Зр╕Вр╣Йр╕нр╕Др╕зр╕▓р╕б
[2025-02-17, 21:08:17] [INFO] :  ЁЯУи р╕кр╣Ир╕Зр╕Вр╣Йр╕нр╕Др╕зр╕▓р╕бр╣Др╕Ыр╕вр╕▒р╕З AI: "р╣Ар╕Ыр╣Зр╕Щр╕нр╕░р╣Др╕г"
[2025-02-17, 21:08:19] [INFO] :  ЁЯУй р╕Хр╕нр╕Ър╕Бр╕ер╕▒р╕Ър╕Ьр╕╣р╣Йр╣Гр╕Кр╣Й: "р╕Ьр╕бр╕Кр╕╖р╣Ир╕н SeaBot р╣Бр╕ер╕░р╕Ьр╕бр╣Ар╕Ыр╣Зр╕Щр╣Бр╕Кр╕Чр╕Ър╕нр╕Чр╕Чр╕╡р╣Ир╕Юр╕гр╣Йр╕нр╕бр╣Гр╕лр╣Йр╕Ър╕гр╕┤р╕Бр╕▓р╕гр╕Хр╕нр╕Ър╕Др╕│р╕Цр╕▓р╕бр╕Вр╕нр╕Зр╕Др╕╕р╕У р╕Др╕гр╕▒р╕Ъ"
[2025-02-17, 21:08:19] [INFO] :  ЁЯУи р╕кр╣Ир╕Зр╕Вр╣Йр╕нр╕Др╕зр╕▓р╕бр╣Др╕Ыр╕вр╕▒р╕З AI: "р╣Ар╕Ыр╣Зр╕Щр╕нр╕░р╣Др╕г"
[2025-02-17, 21:08:19] [INFO] :  ЁЯУй р╕Хр╕нр╕Ър╕Бр╕ер╕▒р╕Ър╕Ьр╕╣р╣Йр╣Гр╕Кр╣Й: "р╕Ьр╕бр╕Кр╕╖р╣Ир╕н SeaBot р╣Бр╕ер╕░р╕Ьр╕бр╣Ар╕Ыр╣Зр╕Щр╣Бр╕Кр╕Чр╕Ър╕нр╕Чр╕Чр╕╡р╣Ир╕Юр╕гр╣Йр╕нр╕бр╣Гр╕лр╣Йр╕Ър╕гр╕┤р╕Бр╕▓р╕гр╕Хр╕нр╕Ър╕Др╕│р╕Цр╕▓р╕бр╕Вр╕нр╕Зр╕Др╕╕р╕У р╕Др╕гр╕▒р╕Ъ"
[2025-02-17, 21:11:30] [ERROR]:  тЭМ р╣Др╕бр╣Ир╕кр╕▓р╕бр╕▓р╕гр╕Цр╕кр╣Ир╕Зр╕Вр╣Йр╕нр╕Др╕зр╕▓р╕бр╕лр╕▓ 1268401582303739904:
[2025-02-17, 21:14:29] [INFO] :  ЁЯФД р╣Вр╕лр╕ер╕Ф activeUsers р╕кр╕│р╣Ар╕гр╣Зр╕И!
[2025-02-17, 21:16:30] [INFO] :  ЁЯФД р╣Вр╕лр╕ер╕Ф activeUsers р╕кр╕│р╣Ар╕гр╣Зр╕И!
[2025-02-17, 21:16:32] [INFO] :  тЬЕ Logged in as Sea#7030!
[2025-02-17, 21:17:05] [INFO] :  ЁЯУв @mention р╕Ир╕▓р╕Б sea9beach р╣Гр╕Щр╕Кр╣Ир╕нр╕З test
[2025-02-17, 21:17:17] [INFO] :  ЁЯТм activeUser sea9beach р╕кр╣Ир╕Зр╕Вр╣Йр╕нр╕Др╕зр╕▓р╕б
[2025-02-17, 21:17:17] [INFO] :  ЁЯУи р╕кр╣Ир╕Зр╕Вр╣Йр╕нр╕Др╕зр╕▓р╕бр╣Др╕Ыр╕вр╕▒р╕З AI: "р╕Фр╕╡р╕Ир╕гр╣Йр╕▓р╕е"
[2025-02-17, 21:17:19] [INFO] :  ЁЯУй р╕Хр╕нр╕Ър╕Бр╕ер╕▒р╕Ър╕Ьр╕╣р╣Йр╣Гр╕Кр╣Й: "р╕кр╕зр╕▒р╕кр╕Фр╕╡р╕Др╕гр╕▒р╕Ъ р╕Ьр╕бр╕Др╕╖р╕н SeaBot р╕бр╕╡р╕нр╕░р╣Др╕гр╕Чр╕╡р╣Ир╕Ьр╕бр╕Кр╣Ир╕зр╕вр╣Др╕Фр╣Йр╣Др╕лр╕бр╕Др╕гр╕▒р╕Ъ?"
[2025-02-17, 21:17:19] [INFO] :  ЁЯУи р╕кр╣Ир╕Зр╕Вр╣Йр╕нр╕Др╕зр╕▓р╕бр╣Др╕Ыр╕вр╕▒р╕З AI: "р╕Фр╕╡р╕Ир╕гр╣Йр╕▓р╕е"
[2025-02-17, 21:17:19] [INFO] :  ЁЯУй р╕Хр╕нр╕Ър╕Бр╕ер╕▒р╕Ър╕Ьр╕╣р╣Йр╣Гр╕Кр╣Й: "р╕кр╕зр╕▒р╕кр╕Фр╕╡р╕Др╕гр╕▒р╕Ъ р╕Ьр╕бр╕Др╕╖р╕н SeaBot р╕бр╕╡р╕нр╕░р╣Др╕гр╕Чр╕╡р╣Ир╕Ьр╕бр╕Кр╣Ир╕зр╕вр╣Др╕Фр╣Йр╣Др╕лр╕бр╕Др╕гр╕▒р╕Ъ?"
[2025-02-17, 21:20:31] [ERROR]:  тЭМ р╣Др╕бр╣Ир╕кр╕▓р╕бр╕▓р╕гр╕Цр╕кр╣Ир╕Зр╕Вр╣Йр╕нр╕Др╕зр╕▓р╕бр╕лр╕▓ 1268401582303739904:
[2025-02-17, 21:24:39] [INFO] :  ЁЯФД р╣Вр╕лр╕ер╕Ф activeUsers р╕кр╕│р╣Ар╕гр╣Зр╕И!
[2025-02-17, 21:24:40] [INFO] :  тЬЕ Logged in as Sea#7030!
[2025-02-17, 21:24:59] [INFO] :  ЁЯУв @mention р╕Ир╕▓р╕Б sea9beach р╣Гр╕Щр╕Кр╣Ир╕нр╕З test
[2025-02-17, 21:25:05] [INFO] :  ЁЯТм activeUser sea9beach р╕кр╣Ир╕Зр╕Вр╣Йр╕нр╕Др╕зр╕▓р╕б
[2025-02-17, 21:25:06] [INFO] :  ЁЯУи р╕кр╣Ир╕Зр╕Вр╣Йр╕нр╕Др╕зр╕▓р╕бр╣Др╕Ыр╕вр╕▒р╕З AI: "th"
[2025-02-17, 21:25:10] [INFO] :  ЁЯУй р╕Хр╕нр╕Ър╕Бр╕ер╕▒р╕Ър╕Ьр╕╣р╣Йр╣Гр╕Кр╣Й: "р╕Ьр╕бр╣Др╕бр╣Ир╣Ар╕Вр╣Йр╕▓р╣Гр╕Ир╕Др╕│р╕Цр╕▓р╕бр╕Вр╕нр╕Зр╕Др╕╕р╕Ур╕Др╕гр╕▒р╕Ъ р╕Др╕╕р╕Ур╕кр╕▓р╕бр╕▓р╕гр╕Цр╕нр╕Шр╕┤р╕Ър╕▓р╕вр╣Ар╕Юр╕┤р╣Ир╕бр╣Ар╕Хр╕┤р╕бр╕лр╕гр╕╖р╕нр╣Гр╕лр╣Йр╕Хр╕▒р╕зр╕нр╕вр╣Ир╕▓р╕Зр╣Ар╕Юр╕╖р╣Ир╕нр╣Гр╕лр╣Йр╕Ьр╕бр╕кр╕▓р╕бр╕▓р╕гр╕Цр╕Кр╣Ир╕зр╕вр╣Ар╕лр╕ер╕╖р╕нр╣Др╕Фр╣Йр╕Фр╕╡р╕вр╕┤р╣Ир╕Зр╕Вр╕╢р╣Йр╕Щр╣Др╕Фр╣Йр╕лр╕гр╕╖р╕нр╣Др╕бр╣Ир╕Др╕гр╕▒р╕Ъ?"
[2025-02-17, 21:25:10] [INFO] :  ЁЯУи р╕кр╣Ир╕Зр╕Вр╣Йр╕нр╕Др╕зр╕▓р╕бр╣Др╕Ыр╕вр╕▒р╕З AI: "р╕кр╕зр╕▒р╕кр╕Фр╕╡"
[2025-02-17, 21:25:10] [INFO] :  ЁЯУй р╕Хр╕нр╕Ър╕Бр╕ер╕▒р╕Ър╕Ьр╕╣р╣Йр╣Гр╕Кр╣Й: "р╕Ьр╕бр╣Др╕бр╣Ир╣Ар╕Вр╣Йр╕▓р╣Гр╕Ир╕Др╕│р╕Цр╕▓р╕бр╕Вр╕нр╕Зр╕Др╕╕р╕Ур╕Др╕гр╕▒р╕Ъ р╕Др╕╕р╕Ур╕кр╕▓р╕бр╕▓р╕гр╕Цр╕нр╕Шр╕┤р╕Ър╕▓р╕вр╣Ар╕Юр╕┤р╣Ир╕бр╣Ар╕Хр╕┤р╕бр╕лр╕гр╕╖р╕нр╣Гр╕лр╣Йр╕Хр╕▒р╕зр╕нр╕вр╣Ир╕▓р╕Зр╣Ар╕Юр╕╖р╣Ир╕нр╣Гр╕лр╣Йр╕Ьр╕бр╕кр╕▓р╕бр╕▓р╕гр╕Цр╕Кр╣Ир╕зр╕вр╣Ар╕лр╕ер╕╖р╕нр╣Др╕Фр╣Йр╕Фр╕╡р╕вр╕┤р╣Ир╕Зр╕Вр╕╢р╣Йр╕Щр╣Др╕Фр╣Йр╕лр╕гр╕╖р╕нр╣Др╕бр╣Ир╕Др╕гр╕▒р╕Ъ?"
[2025-02-17, 21:25:21] [INFO] :  ЁЯТм activeUser sea9beach р╕кр╣Ир╕Зр╕Вр╣Йр╕нр╕Др╕зр╕▓р╕б
[2025-02-17, 21:25:21] [INFO] :  ЁЯУи р╕кр╣Ир╕Зр╕Вр╣Йр╕нр╕Др╕зр╕▓р╕бр╣Др╕Ыр╕вр╕▒р╕З AI: "th"
[2025-02-17, 21:25:24] [INFO] :  ЁЯУй р╕Хр╕нр╕Ър╕Бр╕ер╕▒р╕Ър╕Ьр╕╣р╣Йр╣Гр╕Кр╣Й: "р╕Ьр╕бр╣Др╕бр╣Ир╣Ар╕Вр╣Йр╕▓р╣Гр╕Ир╕Др╕│р╕Цр╕▓р╕бр╕Вр╕нр╕Зр╕Др╕╕р╕У р╕Др╕╕р╕Ур╕кр╕▓р╕бр╕▓р╕гр╕Цр╣Гр╕лр╣Йр╕гр╕▓р╕вр╕ер╕░р╣Ар╕нр╕╡р╕вр╕Фр╣Ар╕Юр╕┤р╣Ир╕бр╣Ар╕Хр╕┤р╕бр╕лр╕гр╕╖р╕нр╕Ир╕░р╕Цр╕▓р╕бр╕Др╕│р╕Цр╕▓р╕бр╣Гр╕лр╕бр╣Ир╣Др╕Фр╣Йр╕Др╕гр╕▒р╕Ъ"
[2025-02-17, 21:25:24] [INFO] :  ЁЯУи р╕кр╣Ир╕Зр╕Вр╣Йр╕нр╕Др╕зр╕▓р╕бр╣Др╕Ыр╕вр╕▒р╕З AI: "р╕кр╕зр╕▒р╕кр╕Фр╕╡"
[2025-02-17, 21:25:24] [INFO] :  ЁЯУй р╕Хр╕нр╕Ър╕Бр╕ер╕▒р╕Ър╕Ьр╕╣р╣Йр╣Гр╕Кр╣Й: "р╕Ьр╕бр╣Др╕бр╣Ир╣Ар╕Вр╣Йр╕▓р╣Гр╕Ир╕Др╕│р╕Цр╕▓р╕бр╕Вр╕нр╕Зр╕Др╕╕р╕У р╕Др╕╕р╕Ур╕кр╕▓р╕бр╕▓р╕гр╕Цр╣Гр╕лр╣Йр╕гр╕▓р╕вр╕ер╕░р╣Ар╕нр╕╡р╕вр╕Фр╣Ар╕Юр╕┤р╣Ир╕бр╣Ар╕Хр╕┤р╕бр╕лр╕гр╕╖р╕нр╕Ир╕░р╕Цр╕▓р╕бр╕Др╕│р╕Цр╕▓р╕бр╣Гр╕лр╕бр╣Ир╣Др╕Фр╣Йр╕Др╕гр╕▒р╕Ъ"
[2025-02-17, 21:25:35] [INFO] :  ЁЯТм activeUser sea9beach р╕кр╣Ир╕Зр╕Вр╣Йр╕нр╕Др╕зр╕▓р╕б
[2025-02-17, 21:25:36] [INFO] :  ЁЯУи р╕кр╣Ир╕Зр╕Вр╣Йр╕нр╕Др╕зр╕▓р╕бр╣Др╕Ыр╕вр╕▒р╕З AI: "th"
[2025-02-17, 21:25:38] [INFO] :  ЁЯУй р╕Хр╕нр╕Ър╕Бр╕ер╕▒р╕Ър╕Ьр╕╣р╣Йр╣Гр╕Кр╣Й: "р╕кр╕зр╕▒р╕кр╕Фр╕╡р╕Др╕гр╕▒р╕Ъ р╕Ьр╕б SeaBot р╕бр╕╡р╕нр╕░р╣Др╕гр╕Чр╕╡р╣Ир╕Ьр╕бр╕Кр╣Ир╕зр╕вр╣Др╕Фр╣Йр╕лр╕гр╕╖р╕нр╣Ар╕Ыр╕ер╣Ир╕▓р╕Др╕гр╕▒р╕Ъ?"
[2025-02-17, 21:25:38] [INFO] :  ЁЯУи р╕кр╣Ир╕Зр╕Вр╣Йр╕нр╕Др╕зр╕▓р╕бр╣Др╕Ыр╕вр╕▒р╕З AI: "р╣Ар╕Ыр╣Зр╕Щр╕Др╕│р╕Чр╕▒р╕Бр╕Чр╕▓р╕вр╕Бр╕▒р╕Щ"
[2025-02-17, 21:25:38] [INFO] :  ЁЯУй р╕Хр╕нр╕Ър╕Бр╕ер╕▒р╕Ър╕Ьр╕╣р╣Йр╣Гр╕Кр╣Й: "р╕кр╕зр╕▒р╕кр╕Фр╕╡р╕Др╕гр╕▒р╕Ъ р╕Ьр╕б SeaBot р╕бр╕╡р╕нр╕░р╣Др╕гр╕Чр╕╡р╣Ир╕Ьр╕бр╕Кр╣Ир╕зр╕вр╣Др╕Фр╣Йр╕лр╕гр╕╖р╕нр╣Ар╕Ыр╕ер╣Ир╕▓р╕Др╕гр╕▒р╕Ъ?"
[2025-02-17, 21:28:39] [ERROR]:  тЭМ р╣Др╕бр╣Ир╕кр╕▓р╕бр╕▓р╕гр╕Цр╕кр╣Ир╕Зр╕Вр╣Йр╕нр╕Др╕зр╕▓р╕бр╕лр╕▓ 1268401582303739904:
[2025-02-17, 21:33:13] [INFO] :  ЁЯФД р╣Вр╕лр╕ер╕Ф activeUsers р╕кр╕│р╣Ар╕гр╣Зр╕И!
[2025-02-17, 21:33:15] [INFO] :  тЬЕ Logged in as Sea#7030!
[2025-02-17, 21:33:24] [INFO] :  ЁЯУв @mention р╕Ир╕▓р╕Б sea9beach р╣Гр╕Щр╕Кр╣Ир╕нр╕З test
[2025-02-17, 21:33:31] [INFO] :  ЁЯТм activeUser sea9beach р╕кр╣Ир╕Зр╕Вр╣Йр╕нр╕Др╕зр╕▓р╕б
[2025-02-17, 21:33:31] [INFO] :  ЁЯУи р╕кр╣Ир╕Зр╕Вр╣Йр╕нр╕Др╕зр╕▓р╕бр╣Др╕Ыр╕вр╕▒р╕З AI: "р╕кр╕зр╕▒р╕кр╕Фр╕╡"
[2025-02-17, 21:33:37] [INFO] :  ЁЯУй р╕Хр╕нр╕Ър╕Бр╕ер╕▒р╕Ър╕Ьр╕╣р╣Йр╣Гр╕Кр╣Й: "р╕кр╕зр╕▒р╕кр╕Фр╕╡р╕Др╕гр╕▒р╕Ъ р╕Ьр╕б SeaBot р╕бр╕╡р╕нр╕░р╣Др╕гр╕Чр╕╡р╣Ир╕Ьр╕бр╕Кр╣Ир╕зр╕вр╣Др╕Фр╣Йр╣Гр╕лр╣Йр╕Др╕╕р╕Ур╕лр╕гр╕╖р╕нр╣Ар╕Ыр╕ер╣Ир╕▓р╕Др╕гр╕▒р╕Ъ?"
[2025-02-17, 21:33:37] [INFO] :  ЁЯУи р╕кр╣Ир╕Зр╕Вр╣Йр╕нр╕Др╕зр╕▓р╕бр╣Др╕Ыр╕вр╕▒р╕З AI: "р╕кр╕зр╕▒р╕кр╕Фр╕╡"
[2025-02-17, 21:33:37] [INFO] :  ЁЯУй р╕Хр╕нр╕Ър╕Бр╕ер╕▒р╕Ър╕Ьр╕╣р╣Йр╣Гр╕Кр╣Й: "р╕кр╕зр╕▒р╕кр╕Фр╕╡р╕Др╕гр╕▒р╕Ъ р╕Ьр╕б SeaBot р╕бр╕╡р╕нр╕░р╣Др╕гр╕Чр╕╡р╣Ир╕Ьр╕бр╕Кр╣Ир╕зр╕вр╣Др╕Фр╣Йр╣Гр╕лр╣Йр╕Др╕╕р╕Ур╕лр╕гр╕╖р╕нр╣Ар╕Ыр╕ер╣Ир╕▓р╕Др╕гр╕▒р╕Ъ?"
[2025-02-17, 21:33:40] [INFO] :  ЁЯУв @mention р╕Лр╣Йр╕│р╕Ир╕▓р╕Б sea9beach р╣Гр╕Щр╕Кр╣Ир╕нр╕З test
[2025-02-17, 21:33:44] [INFO] :  ЁЯУв @mention р╕Лр╣Йр╕│р╕Ир╕▓р╕Б sea9beach р╣Гр╕Щр╕Кр╣Ир╕нр╕З test
[2025-02-17, 21:33:49] [INFO] :  ЁЯТм activeUser sea9beach р╕кр╣Ир╕Зр╕Вр╣Йр╕нр╕Др╕зр╕▓р╕б
[2025-02-17, 21:33:50] [INFO] :  ЁЯУи р╕кр╣Ир╕Зр╕Вр╣Йр╕нр╕Др╕зр╕▓р╕бр╣Др╕Ыр╕вр╕▒р╕З AI: "р╕Зр╣Ир╕зр╕З"
[2025-02-17, 21:33:53] [INFO] :  ЁЯУй р╕Хр╕нр╕Ър╕Бр╕ер╕▒р╕Ър╕Ьр╕╣р╣Йр╣Гр╕Кр╣Й: "р╕Ьр╕бр╣Ар╕Вр╣Йр╕▓р╣Гр╕Ир╕Др╕│р╕Цр╕▓р╕бр╕Вр╕нр╕Зр╕Др╕╕р╕Ур╣Др╕бр╣Ир╕Др╣Ир╕нр╕вр╕Кр╕▒р╕Фр╣Ар╕Ир╕Щр╕Др╕гр╕▒р╕Ъ р╕Др╕╕р╕Ур╕кр╕▓р╕бр╕▓р╕гр╕Цр╣Гр╕лр╣Йр╕гр╕▓р╕вр╕ер╕░р╣Ар╕нр╕╡р╕вр╕Фр╣Ар╕Юр╕┤р╣Ир╕бр╣Ар╕Хр╕┤р╕бр╣Ар╕Бр╕╡р╣Ир╕вр╕зр╕Бр╕▒р╕Ър╣Ар╕гр╕╖р╣Ир╕нр╕Зр╕Чр╕╡р╣Ир╕Др╕╕р╕Ур╕Хр╣Йр╕нр╕Зр╕Бр╕▓р╕гр╕Цр╕▓р╕бр╣Др╕Фр╣Йр╣Др╕лр╕бр╕Др╕гр╕▒р╕Ъ?"
[2025-02-17, 21:33:53] [INFO] :  ЁЯУи р╕кр╣Ир╕Зр╕Вр╣Йр╕нр╕Др╕зр╕▓р╕бр╣Др╕Ыр╕вр╕▒р╕З AI: "р╕Зр╣Ир╕зр╕З"
[2025-02-17, 21:33:53] [INFO] :  ЁЯУй р╕Хр╕нр╕Ър╕Бр╕ер╕▒р╕Ър╕Ьр╕╣р╣Йр╣Гр╕Кр╣Й: "р╕Ьр╕бр╣Ар╕Вр╣Йр╕▓р╣Гр╕Ир╕Др╕│р╕Цр╕▓р╕бр╕Вр╕нр╕Зр╕Др╕╕р╕Ур╣Др╕бр╣Ир╕Др╣Ир╕нр╕вр╕Кр╕▒р╕Фр╣Ар╕Ир╕Щр╕Др╕гр╕▒р╕Ъ р╕Др╕╕р╕Ур╕кр╕▓р╕бр╕▓р╕гр╕Цр╣Гр╕лр╣Йр╕гр╕▓р╕вр╕ер╕░р╣Ар╕нр╕╡р╕вр╕Фр╣Ар╕Юр╕┤р╣Ир╕бр╣Ар╕Хр╕┤р╕бр╣Ар╕Бр╕╡р╣Ир╕вр╕зр╕Бр╕▒р╕Ър╣Ар╕гр╕╖р╣Ир╕нр╕Зр╕Чр╕╡р╣Ир╕Др╕╕р╕Ур╕Хр╣Йр╕нр╕Зр╕Бр╕▓р╕гр╕Цр╕▓р╕бр╣Др╕Фр╣Йр╣Др╕лр╕бр╕Др╕гр╕▒р╕Ъ?"
[2025-02-17, 21:34:59] [ERROR]:  тЭМ р╣Др╕бр╣Ир╕кр╕▓р╕бр╕▓р╕гр╕Цр╕кр╣Ир╕Зр╕Вр╣Йр╕нр╕Др╕зр╕▓р╕бр╕лр╕▓ 1268401582303739904: Cannot read properties of null (reading 'messages')
[2025-02-17, 21:39:03] [INFO] :  ЁЯФД р╣Вр╕лр╕ер╕Ф activeUsers р╕кр╕│р╣Ар╕гр╣Зр╕И!
[2025-02-17, 21:39:04] [INFO] :  тЬЕ Logged in as Sea#7030!
[2025-02-17, 21:39:09] [INFO] :  ЁЯУв @mention р╕Ир╕▓р╕Б sea9beach р╣Гр╕Щр╕Кр╣Ир╕нр╕З test
[2025-02-17, 21:39:40] [INFO] :  ЁЯТм activeUser sea9beach р╕кр╣Ир╕Зр╕Вр╣Йр╕нр╕Др╕зр╕▓р╕б
[2025-02-17, 21:39:41] [INFO] :  ЁЯУи р╕кр╣Ир╕Зр╕Вр╣Йр╕нр╕Др╕зр╕▓р╕бр╣Др╕Ыр╕вр╕▒р╕З AI: "р╕кр╕зр╕▒р╕кр╕Фр╕╡"
[2025-02-17, 21:39:43] [INFO] :  ЁЯУй р╕Хр╕нр╕Ър╕Бр╕ер╕▒р╕Ър╕Ьр╕╣р╣Йр╣Гр╕Кр╣Й: "р╕кр╕зр╕▒р╕кр╕Фр╕╡р╕Др╕гр╕▒р╕Ъ р╕Ьр╕б SeaBot р╕бр╕╡р╕нр╕░р╣Др╕гр╕Чр╕╡р╣Ир╕Ьр╕бр╕Кр╣Ир╕зр╕вр╣Др╕Фр╣Йр╣Гр╕лр╣Йр╕Др╕╕р╕Ур╕лр╕гр╕╖р╕нр╣Ар╕Ыр╕ер╣Ир╕▓р╕Др╕гр╕▒р╕Ъ?"
[2025-02-17, 21:39:43] [INFO] :  ЁЯУи р╕кр╣Ир╕Зр╕Вр╣Йр╕нр╕Др╕зр╕▓р╕бр╣Др╕Ыр╕вр╕▒р╕З AI: "р╕кр╕зр╕▒р╕кр╕Фр╕╡"
[2025-02-17, 21:39:43] [INFO] :  ЁЯУй р╕Хр╕нр╕Ър╕Бр╕ер╕▒р╕Ър╕Ьр╕╣р╣Йр╣Гр╕Кр╣Й: "р╕кр╕зр╕▒р╕кр╕Фр╕╡р╕Др╕гр╕▒р╕Ъ р╕Ьр╕б SeaBot р╕бр╕╡р╕нр╕░р╣Др╕гр╕Чр╕╡р╣Ир╕Ьр╕бр╕Кр╣Ир╕зр╕вр╣Др╕Фр╣Йр╣Гр╕лр╣Йр╕Др╕╕р╕Ур╕лр╕гр╕╖р╕нр╣Ар╕Ыр╕ер╣Ир╕▓р╕Др╕гр╕▒р╕Ъ?"
[2025-02-17, 21:44:05] [INFO] :  ЁЯФД р╣Вр╕лр╕ер╕Ф activeUsers р╕кр╕│р╣Ар╕гр╣Зр╕И!
[2025-02-17, 21:44:06] [INFO] :  тЬЕ Logged in as Sea#7030!
[2025-02-17, 21:44:09] [INFO] :  ЁЯУв @mention р╕Ир╕▓р╕Б sea9beach р╣Гр╕Щр╕Кр╣Ир╕нр╕З test
[2025-02-17, 21:44:17] [INFO] :  ЁЯТм activeUser sea9beach р╕кр╣Ир╕Зр╕Вр╣Йр╕нр╕Др╕зр╕▓р╕б
[2025-02-17, 21:44:18] [INFO] :  ЁЯУи р╕кр╣Ир╕Зр╕Вр╣Йр╕нр╕Др╕зр╕▓р╕бр╣Др╕Ыр╕вр╕▒р╕З AI: "р╣Др╕бр╣Ир╕бр╕╡р╕нр╕░р╣Др╕г"
[2025-02-17, 21:44:20] [INFO] :  ЁЯУй р╕Хр╕нр╕Ър╕Бр╕ер╕▒р╕Ър╕Ьр╕╣р╣Йр╣Гр╕Кр╣Й: "р╕Ьр╕бр╣Др╕бр╣Ир╣Ар╕Вр╣Йр╕▓р╣Гр╕Ир╕Др╕│р╕Цр╕▓р╕бр╕Вр╕нр╕Зр╕Др╕╕р╕Ур╕Др╕гр╕▒р╕Ъ р╕Др╕╕р╕Ур╕кр╕▓р╕бр╕▓р╕гр╕Цр╣Гр╕лр╣Йр╕гр╕▓р╕вр╕ер╕░р╣Ар╕нр╕╡р╕вр╕Фр╣Ар╕Юр╕┤р╣Ир╕бр╣Ар╕Хр╕┤р╕бр╣Ар╕Бр╕╡р╣Ир╕вр╕зр╕Бр╕▒р╕Ър╕Др╕│р╕Цр╕▓р╕бр╣Др╕Фр╣Йр╕лр╕гр╕╖р╕нр╣Др╕бр╣И?"
[2025-02-17, 21:44:20] [INFO] :  ЁЯУи р╕кр╣Ир╕Зр╕Вр╣Йр╕нр╕Др╕зр╕▓р╕бр╣Др╕Ыр╕вр╕▒р╕З AI: "р╣Др╕бр╣Ир╕бр╕╡р╕нр╕░р╣Др╕г"
[2025-02-17, 21:44:20] [INFO] :  ЁЯУй р╕Хр╕нр╕Ър╕Бр╕ер╕▒р╕Ър╕Ьр╕╣р╣Йр╣Гр╕Кр╣Й: "р╕Ьр╕бр╣Др╕бр╣Ир╣Ар╕Вр╣Йр╕▓р╣Гр╕Ир╕Др╕│р╕Цр╕▓р╕бр╕Вр╕нр╕Зр╕Др╕╕р╕Ур╕Др╕гр╕▒р╕Ъ р╕Др╕╕р╕Ур╕кр╕▓р╕бр╕▓р╕гр╕Цр╣Гр╕лр╣Йр╕гр╕▓р╕вр╕ер╕░р╣Ар╕нр╕╡р╕вр╕Фр╣Ар╕Юр╕┤р╣Ир╕бр╣Ар╕Хр╕┤р╕бр╣Ар╕Бр╕╡р╣Ир╕вр╕зр╕Бр╕▒р╕Ър╕Др╕│р╕Цр╕▓р╕бр╣Др╕Фр╣Йр╕лр╕гр╕╖р╕нр╣Др╕бр╣И?"
[2025-02-17, 21:45:21] [INFO] :  ЁЯФД р╕Ьр╕╣р╣Йр╣Гр╕Кр╣Й 1268401582303739904 р╕Цр╕╣р╕Бр╕ер╕Ър╕нр╕нр╕Бр╕Ир╕▓р╕Б activeUsers р╣Ар╕Щр╕╖р╣Ир╕нр╕Зр╕Ир╕▓р╕Бр╣Др╕бр╣И active
[2025-02-17, 21:47:28] [INFO] :  ЁЯФД р╣Вр╕лр╕ер╕Ф activeUsers р╕кр╕│р╣Ар╕гр╣Зр╕И!
[2025-02-17, 21:47:29] [INFO] :  тЬЕ Logged in as Sea#7030!
[2025-02-17, 21:47:37] [INFO] :  ЁЯУв @mention р╕Ир╕▓р╕Б sea9beach р╣Гр╕Щр╕Кр╣Ир╕нр╕З test
[2025-02-17, 21:47:37] [INFO] :  ЁЯУи р╕кр╣Ир╕Зр╕Вр╣Йр╕нр╕Др╕зр╕▓р╕бр╣Др╕Ыр╕вр╕▒р╕З AI: "р╣Др╕З"
[2025-02-17, 21:47:40] [INFO] :  ЁЯУй р╕Хр╕нр╕Ър╕Бр╕ер╕▒р╕Ър╕Ьр╕╣р╣Йр╣Гр╕Кр╣Й: "р╕Ьр╕бр╣Др╕бр╣Ир╣Ар╕Вр╣Йр╕▓р╣Гр╕Ир╕Др╕│р╕Цр╕▓р╕бр╕Вр╕нр╕Зр╕Др╕╕р╕Ур╕Др╕гр╕▒р╕Ъ р╕Др╕╕р╕Ур╕кр╕▓р╕бр╕▓р╕гр╕Цр╣Гр╕лр╣Йр╕Вр╣Йр╕нр╕бр╕╣р╕ер╣Ар╕Юр╕┤р╣Ир╕бр╣Ар╕Хр╕┤р╕бр╣Ар╕Бр╕╡р╣Ир╕вр╕зр╕Бр╕▒р╕Ър╣Ар╕гр╕╖р╣Ир╕нр╕Зр╕Чр╕╡р╣Ир╕Др╕╕р╕Ур╕Хр╣Йр╕нр╕Зр╕Бр╕▓р╕гр╕Юр╕╣р╕Фр╕Др╕╕р╕вр╣Др╕Фр╣Йр╣Др╕лр╕бр╕Др╕гр╕▒р╕Ъ?"
[2025-02-17, 21:47:40] [INFO] :  ЁЯУи р╕кр╣Ир╕Зр╕Вр╣Йр╕нр╕Др╕зр╕▓р╕бр╣Др╕Ыр╕вр╕▒р╕З AI: "р╣Др╕З"
[2025-02-17, 21:47:40] [INFO] :  ЁЯУй р╕Хр╕нр╕Ър╕Бр╕ер╕▒р╕Ър╕Ьр╕╣р╣Йр╣Гр╕Кр╣Й: "р╕Ьр╕бр╣Др╕бр╣Ир╣Ар╕Вр╣Йр╕▓р╣Гр╕Ир╕Др╕│р╕Цр╕▓р╕бр╕Вр╕нр╕Зр╕Др╕╕р╕Ур╕Др╕гр╕▒р╕Ъ р╕Др╕╕р╕Ур╕кр╕▓р╕бр╕▓р╕гр╕Цр╣Гр╕лр╣Йр╕Вр╣Йр╕нр╕бр╕╣р╕ер╣Ар╕Юр╕┤р╣Ир╕бр╣Ар╕Хр╕┤р╕бр╣Ар╕Бр╕╡р╣Ир╕вр╕зр╕Бр╕▒р╕Ър╣Ар╕гр╕╖р╣Ир╕нр╕Зр╕Чр╕╡р╣Ир╕Др╕╕р╕Ур╕Хр╣Йр╕нр╕Зр╕Бр╕▓р╕гр╕Юр╕╣р╕Фр╕Др╕╕р╕вр╣Др╕Фр╣Йр╣Др╕лр╕бр╕Др╕гр╕▒р╕Ъ?"
[2025-02-17, 21:47:52] [INFO] :  ЁЯТм activeUser sea9beach р╕кр╣Ир╕Зр╕Вр╣Йр╕нр╕Др╕зр╕▓р╕б
[2025-02-17, 21:47:52] [INFO] :  ЁЯУи р╕кр╣Ир╕Зр╕Вр╣Йр╕нр╕Др╕зр╕▓р╕бр╣Др╕Ыр╕вр╕▒р╕З AI: "р╣Ар╕Ыр╣Зр╕Щр╕Др╕│р╕Чр╕▒р╕Бр╕Чр╕▓р╕вр╣Бр╕Ър╕Ър╣Ар╕Ыр╣Зр╕Щр╕Бр╕▒р╕Щр╣Ар╕нр╕З"
[2025-02-17, 21:47:55] [INFO] :  ЁЯУй р╕Хр╕нр╕Ър╕Бр╕ер╕▒р╕Ър╕Ьр╕╣р╣Йр╣Гр╕Кр╣Й: "р╕кр╕зр╕▒р╕кр╕Фр╕╡р╕Др╕гр╕▒р╕Ъ! р╕вр╕┤р╕Щр╕Фр╕╡р╕Чр╕╡р╣Ир╣Др╕Фр╣Йр╕гр╕╣р╣Йр╕Ир╕▒р╕Бр╕Др╕╕р╕У Sea9beach р╕Др╕гр╕▒р╕Ъ р╕Ьр╕бр╕Др╕╖р╕н SeaBot р╕Др╕гр╕▒р╕Ъ р╕бр╕╡р╕нр╕░р╣Др╕гр╕Чр╕╡р╣Ир╕Ьр╕бр╕Кр╣Ир╕зр╕вр╣Др╕Фр╣Йр╕лр╕гр╕╖р╕нр╣Др╕бр╣Ир╕Др╕гр╕▒р╕Ъ?"
[2025-02-17, 21:47:55] [INFO] :  ЁЯУи р╕кр╣Ир╕Зр╕Вр╣Йр╕нр╕Др╕зр╕▓р╕бр╣Др╕Ыр╕вр╕▒р╕З AI: "р╣Ар╕Ыр╣Зр╕Щр╕Др╕│р╕Чр╕▒р╕Бр╕Чр╕▓р╕вр╣Бр╕Ър╕Ър╣Ар╕Ыр╣Зр╕Щр╕Бр╕▒р╕Щр╣Ар╕нр╕З"
[2025-02-17, 21:47:55] [INFO] :  ЁЯУй р╕Хр╕нр╕Ър╕Бр╕ер╕▒р╕Ър╕Ьр╕╣р╣Йр╣Гр╕Кр╣Й: "р╕кр╕зр╕▒р╕кр╕Фр╕╡р╕Др╕гр╕▒р╕Ъ! р╕вр╕┤р╕Щр╕Фр╕╡р╕Чр╕╡р╣Ир╣Др╕Фр╣Йр╕гр╕╣р╣Йр╕Ир╕▒р╕Бр╕Др╕╕р╕У Sea9beach р╕Др╕гр╕▒р╕Ъ р╕Ьр╕бр╕Др╕╖р╕н SeaBot р╕Др╕гр╕▒р╕Ъ р╕бр╕╡р╕нр╕░р╣Др╕гр╕Чр╕╡р╣Ир╕Ьр╕бр╕Кр╣Ир╕зр╕вр╣Др╕Фр╣Йр╕лр╕гр╕╖р╕нр╣Др╕бр╣Ир╕Др╕гр╕▒р╕Ъ?"
[2025-02-17, 21:48:59] [INFO] :  ЁЯФД р╕Ьр╕╣р╣Йр╣Гр╕Кр╣Й 1268401582303739904 р╕Цр╕╣р╕Бр╕ер╕Ър╕нр╕нр╕Бр╕Ир╕▓р╕Б activeUsers р╣Ар╕Щр╕╖р╣Ир╕нр╕Зр╕Ир╕▓р╕Бр╣Др╕бр╣И active
[2025-02-17, 21:49:24] [INFO] :  ЁЯУв @mention р╕Ир╕▓р╕Б sea9beach р╣Гр╕Щр╕Кр╣Ир╕нр╕З test
[2025-02-17, 21:49:25] [INFO] :  ЁЯУи р╕кр╣Ир╕Зр╕Вр╣Йр╕нр╕Др╕зр╕▓р╕бр╣Др╕Ыр╕вр╕▒р╕З AI: "р╣Др╕З"
[2025-02-17, 21:49:28] [INFO] :  ЁЯУй р╕Хр╕нр╕Ър╕Бр╕ер╕▒р╕Ър╕Ьр╕╣р╣Йр╣Гр╕Кр╣Й: "р╕Ьр╕бр╣Др╕бр╣Ир╣Ар╕Вр╣Йр╕▓р╣Гр╕Ир╕Др╕│р╕Цр╕▓р╕бр╕Вр╕нр╕Зр╕Др╕╕р╕Ур╕Др╕гр╕▒р╕Ъ р╕Др╕╕р╕Ур╕кр╕▓р╕бр╕▓р╕гр╕Цр╣Гр╕лр╣Йр╕гр╕▓р╕вр╕ер╕░р╣Ар╕нр╕╡р╕вр╕Фр╣Ар╕Юр╕┤р╣Ир╕бр╣Ар╕Хр╕┤р╕бр╣Ар╕Бр╕╡р╣Ир╕вр╕зр╕Бр╕▒р╕Ър╣Ар╕гр╕╖р╣Ир╕нр╕Зр╕Чр╕╡р╣Ир╕Др╕╕р╕Ур╕Хр╣Йр╕нр╕Зр╕Бр╕▓р╕гр╕Юр╕╣р╕Фр╕Др╕╕р╕вр╣Др╕Фр╣Йр╣Др╕лр╕бр╕Др╕гр╕▒р╕Ъ?"
[2025-02-17, 21:49:28] [INFO] :  ЁЯУи р╕кр╣Ир╕Зр╕Вр╣Йр╕нр╕Др╕зр╕▓р╕бр╣Др╕Ыр╕вр╕▒р╕З AI: "р╣Др╕З"
[2025-02-17, 21:49:28] [INFO] :  ЁЯУй р╕Хр╕нр╕Ър╕Бр╕ер╕▒р╕Ър╕Ьр╕╣р╣Йр╣Гр╕Кр╣Й: "р╕Ьр╕бр╣Др╕бр╣Ир╣Ар╕Вр╣Йр╕▓р╣Гр╕Ир╕Др╕│р╕Цр╕▓р╕бр╕Вр╕нр╕Зр╕Др╕╕р╕Ур╕Др╕гр╕▒р╕Ъ р╕Др╕╕р╕Ур╕кр╕▓р╕бр╕▓р╕гр╕Цр╣Гр╕лр╣Йр╕гр╕▓р╕вр╕ер╕░р╣Ар╕нр╕╡р╕вр╕Фр╣Ар╕Юр╕┤р╣Ир╕бр╣Ар╕Хр╕┤р╕бр╣Ар╕Бр╕╡р╣Ир╕вр╕зр╕Бр╕▒р╕Ър╣Ар╕гр╕╖р╣Ир╕нр╕Зр╕Чр╕╡р╣Ир╕Др╕╕р╕Ур╕Хр╣Йр╕нр╕Зр╕Бр╕▓р╕гр╕Юр╕╣р╕Фр╕Др╕╕р╕вр╣Др╕Фр╣Йр╣Др╕лр╕бр╕Др╕гр╕▒р╕Ъ?"
[2025-02-17, 21:51:12] [INFO] :  ЁЯФД р╣Вр╕лр╕ер╕Ф activeUsers р╕кр╕│р╣Ар╕гр╣Зр╕И!
[2025-02-17, 21:51:13] [INFO] :  тЬЕ Logged in as Sea#7030!
[2025-02-17, 21:51:28] [INFO] :  ЁЯФД р╕Ьр╕╣р╣Йр╣Гр╕Кр╣Й 1268401582303739904 р╕Цр╕╣р╕Бр╕ер╕Ър╕нр╕нр╕Бр╕Ир╕▓р╕Б activeUsers р╣Ар╕Щр╕╖р╣Ир╕нр╕Зр╕Ир╕▓р╕Бр╣Др╕бр╣И active
[2025-02-17, 21:51:41] [INFO] :  ЁЯУв @mention р╕Ир╕▓р╕Б sea9beach р╣Гр╕Щр╕Кр╣Ир╕нр╕З test
[2025-02-17, 21:51:41] [INFO] :  ЁЯУи р╕кр╣Ир╕Зр╕Вр╣Йр╕нр╕Др╕зр╕▓р╕бр╣Др╕Ыр╕вр╕▒р╕З AI: "р╣Др╕З"
[2025-02-17, 21:51:44] [INFO] :  ЁЯУй р╕Хр╕нр╕Ър╕Бр╕ер╕▒р╕Ър╕Ьр╕╣р╣Йр╣Гр╕Кр╣Й: "р╕Ьр╕бр╣Др╕бр╣Ир╕Чр╕гр╕▓р╕Ър╕Др╕зр╕▓р╕бр╕лр╕бр╕▓р╕вр╕Вр╕нр╕Зр╕Др╕│р╕Цр╕▓р╕бр╕Щр╕╡р╣Йр╕Др╕гр╕▒р╕Ъ р╕Др╕╕р╕Ур╕кр╕▓р╕бр╕▓р╕гр╕Цр╣Гр╕лр╣Йр╕гр╕▓р╕вр╕ер╕░р╣Ар╕нр╕╡р╕вр╕Фр╣Ар╕Юр╕┤р╣Ир╕бр╣Ар╕Хр╕┤р╕бр╣Ар╕Бр╕╡р╣Ир╕вр╕зр╕Бр╕▒р╕Ър╕Др╕│р╕Цр╕▓р╕бр╣Др╕Фр╣Йр╕лр╕гр╕╖р╕нр╣Др╕бр╣И?"
[2025-02-17, 21:51:44] [INFO] :  ЁЯУи р╕кр╣Ир╕Зр╕Вр╣Йр╕нр╕Др╕зр╕▓р╕бр╣Др╕Ыр╕вр╕▒р╕З AI: "р╣Др╕З"
[2025-02-17, 21:51:44] [INFO] :  ЁЯУй р╕Хр╕нр╕Ър╕Бр╕ер╕▒р╕Ър╕Ьр╕╣р╣Йр╣Гр╕Кр╣Й: "р╕Ьр╕бр╣Др╕бр╣Ир╕Чр╕гр╕▓р╕Ър╕Др╕зр╕▓р╕бр╕лр╕бр╕▓р╕вр╕Вр╕нр╕Зр╕Др╕│р╕Цр╕▓р╕бр╕Щр╕╡р╣Йр╕Др╕гр╕▒р╕Ъ р╕Др╕╕р╕Ур╕кр╕▓р╕бр╕▓р╕гр╕Цр╣Гр╕лр╣Йр╕гр╕▓р╕вр╕ер╕░р╣Ар╕нр╕╡р╕вр╕Фр╣Ар╕Юр╕┤р╣Ир╕бр╣Ар╕Хр╕┤р╕бр╣Ар╕Бр╕╡р╣Ир╕вр╕зр╕Бр╕▒р╕Ър╕Др╕│р╕Цр╕▓р╕бр╣Др╕Фр╣Йр╕лр╕гр╕╖р╕нр╣Др╕бр╣И?"
[2025-02-17, 21:52:43] [INFO] :  ЁЯФД р╕Ьр╕╣р╣Йр╣Гр╕Кр╣Й 1268401582303739904 р╕Цр╕╣р╕Бр╕ер╕Ър╕нр╕нр╕Бр╕Ир╕▓р╕Б activeUsers р╣Ар╕Щр╕╖р╣Ир╕нр╕Зр╕Ир╕▓р╕Бр╣Др╕бр╣И active
[2025-02-17, 21:53:03] [INFO] :  ЁЯУв @mention р╕Ир╕▓р╕Б sea9beach р╣Гр╕Щр╕Кр╣Ир╕нр╕З test
[2025-02-17, 21:53:04] [INFO] :  ЁЯУи р╕кр╣Ир╕Зр╕Вр╣Йр╕нр╕Др╕зр╕▓р╕бр╣Др╕Ыр╕вр╕▒р╕З AI: "hi"
[2025-02-17, 21:53:04] [INFO] :  ЁЯУй р╕Хр╕нр╕Ър╕Бр╕ер╕▒р╕Ър╕Ьр╕╣р╣Йр╣Гр╕Кр╣Й: "р╕кр╕зр╕▒р╕кр╕Фр╕╡р╕Др╕гр╕▒р╕Ъ"
[2025-02-17, 21:53:04] [INFO] :  ЁЯУи р╕кр╣Ир╕Зр╕Вр╣Йр╕нр╕Др╕зр╕▓р╕бр╣Др╕Ыр╕вр╕▒р╕З AI: "hi"
[2025-02-17, 21:53:04] [INFO] :  ЁЯУй р╕Хр╕нр╕Ър╕Бр╕ер╕▒р╕Ър╕Ьр╕╣р╣Йр╣Гр╕Кр╣Й: "р╕кр╕зр╕▒р╕кр╕Фр╕╡р╕Др╕гр╕▒р╕Ъ"
[2025-02-17, 21:54:13] [INFO] :  ЁЯФД р╕Ьр╕╣р╣Йр╣Гр╕Кр╣Й 1268401582303739904 р╕Цр╕╣р╕Бр╕ер╕Ър╕нр╕нр╕Бр╕Ир╕▓р╕Б activeUsers р╣Ар╕Щр╕╖р╣Ир╕нр╕Зр╕Ир╕▓р╕Бр╣Др╕бр╣И active
[2025-02-17, 21:54:33] [INFO] :  ЁЯФД р╣Вр╕лр╕ер╕Ф activeUsers р╕кр╕│р╣Ар╕гр╣Зр╕И!
[2025-02-17, 21:54:35] [INFO] :  тЬЕ Logged in as Sea#7030!
[2025-02-17, 21:54:48] [INFO] :  ЁЯУв @mention р╕Ир╕▓р╕Б sea9beach р╣Гр╕Щр╕Кр╣Ир╕нр╕З test
[2025-02-17, 21:54:48] [INFO] :  ЁЯУи р╕кр╣Ир╕Зр╕Вр╣Йр╕нр╕Др╕зр╕▓р╕бр╣Др╕Ыр╕вр╕▒р╕З AI: "hi"
[2025-02-17, 21:54:49] [INFO] :  ЁЯУй р╕Хр╕нр╕Ър╕Бр╕ер╕▒р╕Ър╕Ьр╕╣р╣Йр╣Гр╕Кр╣Й: "р╕кр╕зр╕▒р╕кр╕Фр╕╡р╕Др╕гр╕▒р╕Ъ"
[2025-02-17, 21:54:49] [INFO] :  ЁЯУи р╕кр╣Ир╕Зр╕Вр╣Йр╕нр╕Др╕зр╕▓р╕бр╣Др╕Ыр╕вр╕▒р╕З AI: "hi"
[2025-02-17, 21:54:49] [INFO] :  ЁЯУй р╕Хр╕нр╕Ър╕Бр╕ер╕▒р╕Ър╕Ьр╕╣р╣Йр╣Гр╕Кр╣Й: "р╕кр╕зр╕▒р╕кр╕Фр╕╡р╕Др╕гр╕▒р╕Ъ"
[2025-02-17, 21:55:50] [INFO] :  ЁЯФД р╕Ьр╕╣р╣Йр╣Гр╕Кр╣Й 1268401582303739904 р╕Цр╕╣р╕Бр╕ер╕Ър╕нр╕нр╕Бр╕Ир╕▓р╕Б activeUsers р╣Ар╕Щр╕╖р╣Ир╕нр╕Зр╕Ир╕▓р╕Бр╣Др╕бр╣И active
[2025-02-17, 22:00:58] [INFO] :  ЁЯФД р╣Вр╕лр╕ер╕Ф activeUsers р╕кр╕│р╣Ар╕гр╣Зр╕И!
[2025-02-17, 22:00:59] [INFO] :  тЬЕ Logged in as Sea#7030!
[2025-02-17, 22:01:07] [INFO] :  ЁЯУв @mention р╕Ир╕▓р╕Б sea9beach р╣Гр╕Щр╕Кр╣Ир╕нр╕З test
[2025-02-17, 22:01:07] [INFO] :  ЁЯУи р╕кр╣Ир╕Зр╕Вр╣Йр╕нр╕Др╕зр╕▓р╕бр╣Др╕Ыр╕вр╕▒р╕З AI: "hi"
[2025-02-17, 22:01:08] [INFO] :  ЁЯУй р╕Хр╕нр╕Ър╕Бр╕ер╕▒р╕Ър╕Ьр╕╣р╣Йр╣Гр╕Кр╣Й: "р╕кр╕зр╕▒р╕кр╕Фр╕╡р╕Др╕гр╕▒р╕Ъ"
[2025-02-17, 22:01:08] [INFO] :  ЁЯУи р╕кр╣Ир╕Зр╕Вр╣Йр╕нр╕Др╕зр╕▓р╕бр╣Др╕Ыр╕вр╕▒р╕З AI: "hi"
[2025-02-17, 22:01:08] [INFO] :  ЁЯУй р╕Хр╕нр╕Ър╕Бр╕ер╕▒р╕Ър╕Ьр╕╣р╣Йр╣Гр╕Кр╣Й: "р╕кр╕зр╕▒р╕кр╕Фр╕╡р╕Др╕гр╕▒р╕Ъ"
[2025-02-17, 22:02:14] [INFO] :  ЁЯФД р╕Ьр╕╣р╣Йр╣Гр╕Кр╣Й 1268401582303739904 р╕Цр╕╣р╕Бр╕ер╕Ър╕нр╕нр╕Бр╕Ир╕▓р╕Б activeUsers р╣Ар╕Щр╕╖р╣Ир╕нр╕Зр╕Ир╕▓р╕Бр╣Др╕бр╣И active
